TACC: Starting up job 4058061
TACC: Starting parallel tasks...

Start time: Sat Sep  6 18:14:37 2014

Total Processors: 16
Groups: 16
Processes per group: 1
Threads per process: 16
Energy range: -0.20000 eV to 0.20000 eV
BField = 0.000000

 Energy		DensityofStates	 ScaledTransmissionFunction	 Re(fermif)	Time

PC type is: ilu
-0.20000 	-1.38530e+04	 (3.00732e-05, 4.53295e-22)	-2.48382e-05	60
-0.19995 	-1.60803e+06	 (4.68285e-02, 1.74798e-17)	-3.87409e-02	59
-0.19990 	-9.77402e+03	 (5.41572e-06, 9.24788e-22)	-4.48781e-06	61
-0.19985 	-1.31336e+05	 (1.55715e-04, -3.39872e-20)	-1.29249e-04	61
-0.19980 	2.25288e+05	 (1.57479e-01, -1.84230e-18)	-1.30929e-01	62
-0.19975 	4.86401e+05	 (4.29348e-03, -7.19779e-19)	-3.57556e-03	60
-0.19970 	1.68917e+07	 (7.32870e+00, 1.18422e-16)	-6.11337e+00	58
-0.19965 	-1.93474e+05	 (5.30220e-05, -2.85874e-21)	-4.43025e-05	61
-0.19960 	9.89316e+06	 (2.30454e-05, -4.94034e-22)	-1.92875e-05	59
-0.19955 	-6.23253e+05	 (3.18312e-03, -1.22687e-20)	-2.66847e-03	59
-0.19950 	-1.28786e+05	 (2.04208e-04, -1.55113e-20)	-1.71475e-04	60
-0.19945 	-2.12341e+05	 (1.98651e-04, -1.44260e-20)	-1.67085e-04	58
-0.19940 	-1.39820e+06	 (1.40783e-03, 1.12506e-19)	-1.18608e-03	60
-0.19935 	3.73624e+06	 (2.23303e-01, 8.41883e-17)	-1.88443e-01	59
-0.19930 	-1.01753e+04	 (1.27940e-05, -1.64712e-22)	-1.08146e-05	62
-0.19925 	9.90770e+05	 (2.39329e-02, -9.30995e-18)	-2.02636e-02	62
-0.19920 	3.51734e+06	 (2.96586e-01, 1.61007e-16)	-2.51531e-01	59
-0.19915 	3.68482e+06	 (6.68749e-04, -1.22754e-21)	-5.68097e-04	60
-0.19910 	-1.23577e+06	 (8.83979e-03, 4.64598e-19)	-7.52176e-03	60
-0.19905 	-1.77353e+04	 (7.36487e-05, -8.73627e-21)	-6.27714e-05	60
-0.19900 	-2.26367e+06	 (5.42045e-05, -2.44535e-22)	-4.62754e-05	62
-0.19895 	-2.49984e+05	 (1.14397e-04, -1.69761e-20)	-9.78245e-05	59
-0.19890 	5.63104e+06	 (5.57030e-01, -4.53407e-16)	-4.77124e-01	59
-0.19885 	-7.45649e+05	 (3.48110e-06, 3.55222e-22)	-2.98667e-06	61
-0.19880 	5.20244e+06	 (4.12423e-01, 1.42302e-18)	-3.54432e-01	59
-0.19875 	2.51283e+06	 (7.47811e+00, -5.18723e-16)	-6.43725e+00	59
-0.19870 	-1.50914e+05	 (2.88035e-04, -2.60992e-19)	-2.48355e-04	61
-0.19865 	-9.75169e+04	 (9.46190e-06, -6.11338e-24)	-8.17191e-06	59
-0.19860 	9.82234e+04	 (1.12524e-03, -1.91757e-20)	-9.73438e-04	61
-0.19855 	-4.27132e+04	 (5.84674e-04, 1.27490e-19)	-5.06636e-04	59
-0.19850 	3.96725e+06	 (5.71257e-05, 5.21961e-21)	-4.95830e-05	61
-0.19845 	-1.73709e+07	 (1.58530e+00, -3.77170e-15)	-1.37826e+00	62
-0.19840 	3.54772e+06	 (1.75319e-02, 1.92698e-17)	-1.52675e-02	59
-0.19835 	5.30461e+05	 (9.08633e-05, -1.26764e-19)	-7.92584e-05	59
-0.19830 	-3.87655e+05	 (5.62989e-04, 5.51025e-19)	-4.91898e-04	59
-0.19825 	-1.05175e+06	 (2.87078e-05, 1.57003e-20)	-2.51243e-05	60
-0.19820 	-4.76634e+05	 (5.59706e-02, 4.94889e-17)	-4.90650e-02	62
-0.19815 	1.77482e+04	 (4.27003e-05, 1.59737e-20)	-3.74940e-05	59
-0.19810 	1.47456e+06	 (9.45559e-03, 2.31031e-18)	-8.31645e-03	59
-0.19805 	-2.43037e+05	 (5.43715e-05, 1.67267e-20)	-4.79004e-05	61
-0.19800 	-3.11899e+04	 (3.35510e-06, 4.65071e-23)	-2.96068e-06	59
-0.19795 	-1.21096e+06	 (2.34431e-03, 5.79574e-18)	-2.07214e-03	59
-0.19790 	3.21071e+05	 (5.53041e-07, 7.81153e-21)	-4.89644e-07	60
-0.19785 	-5.14457e+04	 (6.83553e-08, 1.05929e-20)	-6.06197e-08	59
-0.19780 	-1.40223e+04	 (2.33068e-08, 1.40922e-21)	-2.07034e-08	61
-0.19775 	-1.09022e+07	 (2.47842e-04, 6.04806e-16)	-2.20523e-04	59
-0.19770 	-1.50628e+05	 (6.68190e-07, -5.61127e-19)	-5.95521e-07	62
-0.19765 	4.78068e+06	 (2.92062e-05, 4.76840e-20)	-2.60730e-05	62
-0.19760 	-1.40759e+05	 (3.73328e-05, -1.99418e-19)	-3.33829e-05	58
-0.19755 	2.14112e+05	 (1.06068e-04, 8.27271e-19)	-9.50030e-05	59
-0.19750 	3.92995e+07	 (1.98712e-06, 1.86271e-21)	-1.78276e-06	60
-0.19745 	-6.41155e+06	 (8.29623e-03, -5.46827e-17)	-7.45537e-03	60
-0.19740 	1.04965e+07	 (4.90347e-02, -5.89247e-16)	-4.41378e-02	61
-0.19735 	1.23953e+05	 (8.13301e-06, -1.21325e-20)	-7.33291e-06	59
-0.19730 	-1.37203e+03	 (3.97983e-05, 1.18530e-20)	-3.59425e-05	59
-0.19725 	-9.90202e+06	 (1.89632e-01, -1.47587e-16)	-1.71543e-01	60
-0.19720 	-1.39536e+06	 (2.07591e-03, 7.95814e-19)	-1.88100e-03	58
-0.19715 	-3.86393e+06	 (1.39099e-02, -5.59223e-19)	-1.26247e-02	59
-0.19710 	-1.66407e+04	 (1.91911e-06, -2.84317e-22)	-1.74468e-06	60
-0.19705 	-5.53313e+03	 (1.21474e-04, 4.98724e-20)	-1.10616e-04	58
-0.19700 	-5.46119e+04	 (4.19986e-05, 1.17762e-20)	-3.83079e-05	61
-0.19695 	1.08929e+05	 (1.87095e-05, 1.17865e-20)	-1.70936e-05	58
-0.19690 	-8.68940e+05	 (2.98892e-03, 3.34578e-19)	-2.73530e-03	62
-0.19685 	-8.15725e+06	 (2.13855e-01, -2.75921e-16)	-1.96032e-01	61
-0.19680 	8.33162e+06	 (2.37306e-05, 2.18756e-20)	-2.17889e-05	59
-0.19675 	2.09183e+07	 (3.81802e+00, -9.83420e-16)	-3.51142e+00	58
-0.19670 	-6.33878e+05	 (1.01722e-03, -1.23336e-19)	-9.37087e-04	59
-0.19665 	-6.13029e+05	 (1.04670e-05, -4.05567e-21)	-9.65833e-06	60
-0.19660 	-7.05313e+04	 (3.66566e-05, 1.04390e-21)	-3.38806e-05	61
-0.19655 	-1.63790e+06	 (7.24795e-03, 1.67284e-18)	-6.71016e-03	59
-0.19650 	4.87084e+05	 (5.53624e-05, 9.19329e-21)	-5.13394e-05	58
-0.19645 	-1.07420e+04	 (1.96371e-07, -9.43503e-24)	-1.82403e-07	60
-0.19640 	3.43633e+06	 (2.66552e-06, -3.39971e-22)	-2.48001e-06	58
-0.19635 	-1.03692e+06	 (1.38628e-02, 2.78759e-18)	-1.29194e-02	58
-0.19630 	-1.05630e+04	 (7.19416e-05, -2.88893e-21)	-6.71566e-05	60
-0.19625 	2.77362e+05	 (9.18327e-04, 1.57747e-19)	-8.58666e-04	58
-0.19620 	5.13949e+06	 (1.51776e-01, -2.45851e-18)	-1.42150e-01	60
-0.19615 	-3.19306e+04	 (7.65549e-07, -1.64609e-22)	-7.18185e-07	58
-0.19610 	2.98833e+06	 (1.04934e-01, 1.55644e-17)	-9.86045e-02	62
-0.19605 	4.51767e+05	 (1.27796e-03, -3.38813e-21)	-1.20286e-03	61
-0.19600 	1.60378e+05	 (1.75440e-01, -3.74803e-17)	-1.65404e-01	58
-0.19595 	4.97095e+04	 (1.03595e-03, -2.53607e-19)	-9.78302e-04	59
-0.19590 	-2.27974e+05	 (5.45896e-04, 4.33641e-20)	-5.16373e-04	60
-0.19585 	-8.01981e+02	 (1.23620e-06, -5.23709e-23)	-1.17128e-06	60
-0.19580 	-1.01758e+06	 (3.38091e-02, -7.83008e-18)	-3.20865e-02	61
-0.19575 	9.77729e+06	 (1.66649e+00, -1.12999e-16)	-1.58420e+00	59
-0.19570 	-1.29968e+06	 (4.76980e-02, 1.01000e-17)	-4.54178e-02	59
-0.19565 	-5.04000e+06	 (3.60353e-01, -3.86798e-18)	-3.43694e-01	60
-0.19560 	-4.64816e+06	 (2.79881e-01, 5.12590e-17)	-2.67384e-01	58
-0.19555 	-1.23663e+06	 (7.36794e-04, 1.44591e-21)	-7.05059e-04	59
-0.19550 	-1.22829e+05	 (9.37930e-02, -5.84320e-19)	-8.99017e-02	60
-0.19545 	-8.51268e+05	 (9.77578e-02, 1.19324e-17)	-9.38571e-02	58
-0.19540 	4.70890e+05	 (5.45870e-03, -4.24311e-20)	-5.24956e-03	60
-0.19535 	-4.64814e+05	 (6.10585e-04, 1.26526e-20)	-5.88163e-04	58
-0.19530 	4.07064e+03	 (3.35993e-04, -8.36280e-22)	-3.24191e-04	62
-0.19525 	-7.50394e+04	 (2.51438e-04, 4.98294e-21)	-2.43007e-04	61
