TACC: Starting up job 4058078
TACC: Starting parallel tasks...

Start time: Sat Sep  6 18:23:24 2014

Total Processors: 16
Groups: 16
Processes per group: 1
Threads per process: 16
Energy range: -0.20000 eV to 0.20000 eV
BField = 0.000000

 Energy		DensityofStates	 ScaledTransmissionFunction	 Re(fermif)	Time

PC type is: ilu
-0.20000 	-2.02412e+07	 (1.29337e+00, 2.82604e-17)	-1.06822e+00	10
-0.19995 	-4.68055e+05	 (3.01111e-02, -2.40557e-18)	-2.49107e-02	11
-0.19990 	2.87975e+06	 (5.88548e-01, -3.41524e-18)	-4.87708e-01	11
-0.19985 	-5.43008e+06	 (2.03847e-01, -6.66107e-18)	-1.69200e-01	11
-0.19980 	-3.89790e+08	 (3.57080e-01, -6.75932e-18)	-2.96880e-01	11
-0.19975 	2.33830e+07	 (7.74267e-01, -4.60786e-18)	-6.44800e-01	11
-0.19970 	4.08895e+07	 (5.90701e-02, -5.14657e-18)	-4.92744e-02	11
-0.19965 	-1.22512e+06	 (9.28035e-01, -1.69745e-18)	-7.75419e-01	11
-0.19960 	-1.04644e+06	 (1.22550e+00, -3.44641e-17)	-1.02566e+00	10
-0.19955 	-1.86747e+05	 (4.07541e-03, -8.63974e-20)	-3.41649e-03	11
-0.19950 	3.38685e+05	 (1.29334e+00, 4.75143e-18)	-1.08603e+00	11
-0.19945 	2.32916e+05	 (6.53467e-03, -2.58345e-19)	-5.49630e-03	11
-0.19940 	3.41121e+05	 (1.16190e+00, 2.52585e-18)	-9.78890e-01	11
-0.19935 	-2.04160e+05	 (7.27295e-03, 2.93920e-19)	-6.13755e-03	11
-0.19930 	4.02969e+05	 (6.22902e-02, 1.36203e-18)	-5.26530e-02	11
-0.19925 	3.83604e+05	 (2.08456e-02, -2.16840e-19)	-1.76497e-02	11
