0.000 0.00000e+00
0.001 -4.42853e-09
0.002 -8.85707e-09
0.003 -1.32856e-08
0.004 -1.77143e-08
0.005 -2.21429e-08
0.006 -2.65717e-08
0.007 -3.10006e-08
0.008 -3.54295e-08
0.009 -3.98586e-08
0.010 -4.42879e-08
0.011 -4.87173e-08
0.012 -5.31469e-08
0.013 -5.75767e-08
0.014 -6.20068e-08
0.015 -6.64371e-08
0.016 -7.08677e-08
0.017 -7.52985e-08
0.018 -7.97298e-08
0.019 -8.41613e-08
0.020 -8.85933e-08
0.021 -9.30257e-08
0.022 -9.74585e-08
0.023 -1.01892e-07
0.024 -1.06326e-07
0.025 -1.10760e-07
0.026 -1.15195e-07
0.027 -1.19631e-07
0.028 -1.24067e-07
0.029 -1.28504e-07
0.030 -1.32942e-07
0.031 -1.37381e-07
0.032 -1.41821e-07
0.033 -1.46261e-07
0.034 -1.50703e-07
0.035 -1.55145e-07
0.036 -1.59589e-07
0.037 -1.64034e-07
0.038 -1.68481e-07
0.039 -1.72928e-07
0.040 -1.77377e-07
0.041 -1.81828e-07
0.042 -1.86280e-07
0.043 -1.90734e-07
0.044 -1.95189e-07
0.045 -1.99647e-07
0.046 -2.04106e-07
0.047 -2.08568e-07
0.048 -2.13031e-07
0.049 -2.17497e-07
0.050 -2.21965e-07
0.051 -2.26436e-07
0.052 -2.30909e-07
0.053 -2.35385e-07
0.054 -2.39863e-07
0.055 -2.44345e-07
0.056 -2.48830e-07
0.057 -2.53318e-07
0.058 -2.57809e-07
0.059 -2.62304e-07
0.060 -2.66802e-07
0.061 -2.71305e-07
0.062 -2.75811e-07
0.063 -2.80321e-07
0.064 -2.84835e-07
0.065 -2.89354e-07
0.066 -2.93878e-07
0.067 -2.98406e-07
0.068 -3.02939e-07
0.069 -3.07477e-07
0.070 -3.12021e-07
0.071 -3.16570e-07
0.072 -3.21125e-07
0.073 -3.25685e-07
0.074 -3.30252e-07
0.075 -3.34824e-07
0.076 -3.39404e-07
0.077 -3.43989e-07
0.078 -3.48582e-07
0.079 -3.53182e-07
0.080 -3.57789e-07
0.081 -3.62404e-07
0.082 -3.67026e-07
0.083 -3.71656e-07
0.084 -3.76295e-07
0.085 -3.80942e-07
0.086 -3.85597e-07
0.087 -3.90262e-07
0.088 -3.94935e-07
0.089 -3.99618e-07
0.090 -4.04311e-07
0.091 -4.09013e-07
0.092 -4.13726e-07
0.093 -4.18449e-07
0.094 -4.23182e-07
0.095 -4.27927e-07
0.096 -4.32682e-07
0.097 -4.37449e-07
0.098 -4.42228e-07
0.099 -4.47019e-07
0.100 -4.51821e-07
