
Start time: Wed Jul 23 13:10:31 2014

Total Processors: 1
Groups: 1
Processes per group: 1
Threads per process: 1
Energy range: -0.20000 eV to 0.20000 eV
BField = 0.000000

 Energy		DensityofStates	 ScaledTransmissionFunction	 Re(fermif)	Time

PC type is: lu
isl[0] = 1
isl[0] = 1
gaml[0][0] = (0.00216723,3.05342e-08)
isl[0] = 1
isl[1] = 2
gaml[0][1] = (-0.000691238,-2.83202e-08)
isl[0] = 1
isl[2] = 3421
gaml[0][2] = (-0.00128361,-2.8279e-08)
isl[0] = 1
isl[3] = 3422
gaml[0][3] = (-0.000691009,3.08346e-08)
isl[1] = 2
isl[0] = 1
gaml[1][0] = (-0.000691238,-2.83202e-08)
isl[1] = 2
isl[1] = 2
gaml[1][1] = (0.00216748,5.2557e-09)
isl[1] = 2
isl[2] = 3421
gaml[1][2] = (0.00149923,5.28518e-09)
isl[1] = 2
isl[3] = 3422
gaml[1][3] = (-0.00128361,-2.8279e-08)
isl[2] = 3421
isl[0] = 1
gaml[2][0] = (-0.00128361,-2.8279e-08)
isl[2] = 3421
isl[1] = 2
gaml[2][1] = (0.00149923,5.28518e-09)
isl[2] = 3421
isl[2] = 3421
gaml[2][2] = (0.00216748,5.2557e-09)
isl[2] = 3421
isl[3] = 3422
gaml[2][3] = (-0.000691238,-2.83202e-08)
isl[3] = 3422
isl[0] = 1
gaml[3][0] = (-0.000691009,3.08346e-08)
isl[3] = 3422
isl[1] = 2
gaml[3][1] = (-0.00128361,-2.8279e-08)
isl[3] = 3422
isl[2] = 3421
gaml[3][2] = (-0.000691238,-2.83202e-08)
isl[3] = 3422
isl[3] = 3422
gaml[3][3] = (0.00216723,3.05342e-08)
isr[0] = 92
isr[0] = 92
gamrr[0][0] = (0.00216723,-3.05342e-08)
isr[1] = 91
isr[0] = 92
gamrr[1][0] = (-0.000691238,2.83202e-08)
isr[2] = 3512
isr[0] = 92
gamrr[2][0] = (-0.00128361,2.8279e-08)
isr[3] = 3511
isr[0] = 92
gamrr[3][0] = (-0.000691009,-3.08346e-08)
isr[0] = 92
isr[1] = 91
gamrr[0][1] = (-0.000691238,2.83202e-08)
isr[1] = 91
isr[1] = 91
gamrr[1][1] = (0.00216748,-5.2557e-09)
isr[2] = 3512
isr[1] = 91
gamrr[2][1] = (0.00149923,-5.28518e-09)
isr[3] = 3511
isr[1] = 91
gamrr[3][1] = (-0.00128361,2.8279e-08)
isr[0] = 92
isr[2] = 3512
gamrr[0][2] = (-0.00128361,2.8279e-08)
isr[1] = 91
isr[2] = 3512
gamrr[1][2] = (0.00149923,-5.28518e-09)
isr[2] = 3512
isr[2] = 3512
gamrr[2][2] = (0.00216748,-5.2557e-09)
isr[3] = 3511
isr[2] = 3512
gamrr[3][2] = (-0.000691238,2.83202e-08)
isr[0] = 92
isr[3] = 3511
gamrr[0][3] = (-0.000691009,-3.08346e-08)
isr[1] = 91
isr[3] = 3511
gamrr[1][3] = (-0.00128361,2.8279e-08)
isr[2] = 3512
isr[3] = 3511
gamrr[2][3] = (-0.000691238,2.83202e-08)
isr[3] = 3511
isr[3] = 3511
gamrr[3][3] = (0.00216723,-3.05342e-08)
-0.20000 	1.10114e-04	 (1.20558e-11, 9.24446e-33)	-9.95723e-12	2
isl[0] = 1
isl[0] = 1
gaml[0][0] = (0.00216509,3.05137e-08)
isl[0] = 1
isl[1] = 2
gaml[0][1] = (-0.000690385,-2.83079e-08)
isl[0] = 1
isl[2] = 3421
gaml[0][2] = (-0.00128235,-2.82667e-08)
isl[0] = 1
isl[3] = 3422
gaml[0][3] = (-0.000690156,3.08136e-08)
isl[1] = 2
isl[0] = 1
gaml[1][0] = (-0.000690385,-2.83079e-08)
isl[1] = 2
isl[1] = 2
gaml[1][1] = (0.00216533,5.28103e-09)
isl[1] = 2
isl[2] = 3421
gaml[1][2] = (0.00149737,5.31048e-09)
isl[1] = 2
isl[3] = 3422
gaml[1][3] = (-0.00128235,-2.82667e-08)
isl[2] = 3421
isl[0] = 1
gaml[2][0] = (-0.00128235,-2.82667e-08)
isl[2] = 3421
isl[1] = 2
gaml[2][1] = (0.00149737,5.31048e-09)
isl[2] = 3421
isl[2] = 3421
gaml[2][2] = (0.00216533,5.28103e-09)
isl[2] = 3421
isl[3] = 3422
gaml[2][3] = (-0.000690385,-2.83079e-08)
isl[3] = 3422
isl[0] = 1
gaml[3][0] = (-0.000690156,3.08136e-08)
isl[3] = 3422
isl[1] = 2
gaml[3][1] = (-0.00128235,-2.82667e-08)
isl[3] = 3422
isl[2] = 3421
gaml[3][2] = (-0.000690385,-2.83079e-08)
isl[3] = 3422
isl[3] = 3422
gaml[3][3] = (0.00216509,3.05137e-08)
isr[0] = 92
isr[0] = 92
gamrr[0][0] = (0.00216509,-3.05137e-08)
isr[1] = 91
isr[0] = 92
gamrr[1][0] = (-0.000690385,2.83079e-08)
isr[2] = 3512
isr[0] = 92
gamrr[2][0] = (-0.00128235,2.82667e-08)
isr[3] = 3511
isr[0] = 92
gamrr[3][0] = (-0.000690156,-3.08136e-08)
isr[0] = 92
isr[1] = 91
gamrr[0][1] = (-0.000690385,2.83079e-08)
isr[1] = 91
isr[1] = 91
gamrr[1][1] = (0.00216533,-5.28103e-09)
isr[2] = 3512
isr[1] = 91
gamrr[2][1] = (0.00149737,-5.31048e-09)
isr[3] = 3511
isr[1] = 91
gamrr[3][1] = (-0.00128235,2.82667e-08)
isr[0] = 92
isr[2] = 3512
gamrr[0][2] = (-0.00128235,2.82667e-08)
isr[1] = 91
isr[2] = 3512
gamrr[1][2] = (0.00149737,-5.31048e-09)
isr[2] = 3512
isr[2] = 3512
gamrr[2][2] = (0.00216533,-5.28103e-09)
isr[3] = 3511
isr[2] = 3512
gamrr[3][2] = (-0.000690385,2.83079e-08)
isr[0] = 92
isr[3] = 3511
gamrr[0][3] = (-0.000690156,-3.08136e-08)
isr[1] = 91
isr[3] = 3511
gamrr[1][3] = (-0.00128235,2.82667e-08)
isr[2] = 3512
isr[3] = 3511
gamrr[2][3] = (-0.000690385,2.83079e-08)
isr[3] = 3511
isr[3] = 3511
gamrr[3][3] = (0.00216509,-3.05137e-08)
-0.19995 	1.10044e-04	 (1.20304e-11, 3.08149e-33)	-9.95264e-12	2
isl[0] = 1
isl[0] = 1
gaml[0][0] = (0.00216294,3.04933e-08)
isl[0] = 1
isl[1] = 2
gaml[0][1] = (-0.000689533,-2.82956e-08)
isl[0] = 1
isl[2] = 3421
gaml[0][2] = (-0.00128109,-2.82545e-08)
isl[0] = 1
isl[3] = 3422
gaml[0][3] = (-0.000689304,3.07927e-08)
isl[1] = 2
isl[0] = 1
gaml[1][0] = (-0.000689533,-2.82956e-08)
isl[1] = 2
isl[1] = 2
gaml[1][1] = (0.00216319,5.30628e-09)
isl[1] = 2
isl[2] = 3421
gaml[1][2] = (0.00149552,5.3357e-09)
isl[1] = 2
isl[3] = 3422
gaml[1][3] = (-0.00128109,-2.82545e-08)
isl[2] = 3421
isl[0] = 1
gaml[2][0] = (-0.00128109,-2.82545e-08)
isl[2] = 3421
isl[1] = 2
gaml[2][1] = (0.00149552,5.3357e-09)
isl[2] = 3421
isl[2] = 3421
gaml[2][2] = (0.00216319,5.30628e-09)
isl[2] = 3421
isl[3] = 3422
gaml[2][3] = (-0.000689533,-2.82956e-08)
isl[3] = 3422
isl[0] = 1
gaml[3][0] = (-0.000689304,3.07927e-08)
isl[3] = 3422
isl[1] = 2
gaml[3][1] = (-0.00128109,-2.82545e-08)
isl[3] = 3422
isl[2] = 3421
gaml[3][2] = (-0.000689533,-2.82956e-08)
isl[3] = 3422
isl[3] = 3422
gaml[3][3] = (0.00216294,3.04933e-08)
isr[0] = 92
isr[0] = 92
gamrr[0][0] = (0.00216294,-3.04933e-08)
isr[1] = 91
isr[0] = 92
gamrr[1][0] = (-0.000689533,2.82956e-08)
isr[2] = 3512
isr[0] = 92
gamrr[2][0] = (-0.00128109,2.82545e-08)
isr[3] = 3511
isr[0] = 92
gamrr[3][0] = (-0.000689304,-3.07927e-08)
isr[0] = 92
isr[1] = 91
gamrr[0][1] = (-0.000689533,2.82956e-08)
isr[1] = 91
isr[1] = 91
gamrr[1][1] = (0.00216319,-5.30628e-09)
isr[2] = 3512
isr[1] = 91
gamrr[2][1] = (0.00149552,-5.3357e-09)
isr[3] = 3511
isr[1] = 91
gamrr[3][1] = (-0.00128109,2.82545e-08)
isr[0] = 92
isr[2] = 3512
gamrr[0][2] = (-0.00128109,2.82545e-08)
isr[1] = 91
isr[2] = 3512
gamrr[1][2] = (0.00149552,-5.3357e-09)
isr[2] = 3512
isr[2] = 3512
gamrr[2][2] = (0.00216319,-5.30628e-09)
isr[3] = 3511
isr[2] = 3512
gamrr[3][2] = (-0.000689533,2.82956e-08)
isr[0] = 92
isr[3] = 3511
gamrr[0][3] = (-0.000689304,-3.07927e-08)
isr[1] = 91
isr[3] = 3511
gamrr[1][3] = (-0.00128109,2.82545e-08)
isr[2] = 3512
isr[3] = 3511
gamrr[2][3] = (-0.000689533,2.82956e-08)
isr[3] = 3511
isr[3] = 3511
gamrr[3][3] = (0.00216294,-3.04933e-08)
-0.19990 	1.09973e-04	 (1.20050e-11, -6.16298e-33)	-9.94806e-12	2
isl[0] = 1
isl[0] = 1
gaml[0][0] = (0.0021608,3.04728e-08)
isl[0] = 1
isl[1] = 2
gaml[0][1] = (-0.000688683,-2.82833e-08)
isl[0] = 1
isl[2] = 3421
gaml[0][2] = (-0.00127982,-2.82422e-08)
isl[0] = 1
isl[3] = 3422
gaml[0][3] = (-0.000688454,3.07718e-08)
isl[1] = 2
isl[0] = 1
gaml[1][0] = (-0.000688683,-2.82833e-08)
isl[1] = 2
isl[1] = 2
gaml[1][1] = (0.00216104,5.33146e-09)
isl[1] = 2
isl[2] = 3421
gaml[1][2] = (0.00149368,5.36085e-09)
isl[1] = 2
isl[3] = 3422
gaml[1][3] = (-0.00127982,-2.82422e-08)
isl[2] = 3421
isl[0] = 1
gaml[2][0] = (-0.00127982,-2.82422e-08)
isl[2] = 3421
isl[1] = 2
gaml[2][1] = (0.00149368,5.36085e-09)
isl[2] = 3421
isl[2] = 3421
gaml[2][2] = (0.00216104,5.33146e-09)
isl[2] = 3421
isl[3] = 3422
gaml[2][3] = (-0.000688683,-2.82833e-08)
isl[3] = 3422
isl[0] = 1
gaml[3][0] = (-0.000688454,3.07718e-08)
isl[3] = 3422
isl[1] = 2
gaml[3][1] = (-0.00127982,-2.82422e-08)
isl[3] = 3422
isl[2] = 3421
gaml[3][2] = (-0.000688683,-2.82833e-08)
isl[3] = 3422
isl[3] = 3422
gaml[3][3] = (0.0021608,3.04728e-08)
isr[0] = 92
isr[0] = 92
gamrr[0][0] = (0.0021608,-3.04728e-08)
isr[1] = 91
isr[0] = 92
gamrr[1][0] = (-0.000688683,2.82833e-08)
isr[2] = 3512
isr[0] = 92
gamrr[2][0] = (-0.00127982,2.82422e-08)
isr[3] = 3511
isr[0] = 92
gamrr[3][0] = (-0.000688454,-3.07718e-08)
isr[0] = 92
isr[1] = 91
gamrr[0][1] = (-0.000688683,2.82833e-08)
isr[1] = 91
isr[1] = 91
gamrr[1][1] = (0.00216104,-5.33146e-09)
isr[2] = 3512
isr[1] = 91
gamrr[2][1] = (0.00149368,-5.36085e-09)
isr[3] = 3511
isr[1] = 91
gamrr[3][1] = (-0.00127982,2.82422e-08)
isr[0] = 92
isr[2] = 3512
gamrr[0][2] = (-0.00127982,2.82422e-08)
isr[1] = 91
isr[2] = 3512
gamrr[1][2] = (0.00149368,-5.36085e-09)
isr[2] = 3512
isr[2] = 3512
gamrr[2][2] = (0.00216104,-5.33146e-09)
isr[3] = 3511
isr[2] = 3512
gamrr[3][2] = (-0.000688683,2.82833e-08)
isr[0] = 92
isr[3] = 3511
gamrr[0][3] = (-0.000688454,-3.07718e-08)
isr[1] = 91
isr[3] = 3511
gamrr[1][3] = (-0.00127982,2.82422e-08)
isr[2] = 3512
isr[3] = 3511
gamrr[2][3] = (-0.000688683,2.82833e-08)
isr[3] = 3511
isr[3] = 3511
gamrr[3][3] = (0.0021608,-3.04728e-08)
-0.19985 	1.09903e-04	 (1.19796e-11, 0.00000e+00)	-9.94350e-12	2
isl[0] = 1
isl[0] = 1
gaml[0][0] = (0.00215866,3.04524e-08)
isl[0] = 1
isl[1] = 2
gaml[0][1] = (-0.000687834,-2.8271e-08)
isl[0] = 1
isl[2] = 3421
gaml[0][2] = (-0.00127856,-2.82299e-08)
isl[0] = 1
isl[3] = 3422
gaml[0][3] = (-0.000687605,3.07509e-08)
isl[1] = 2
isl[0] = 1
gaml[1][0] = (-0.000687834,-2.8271e-08)
isl[1] = 2
isl[1] = 2
gaml[1][1] = (0.00215891,5.35656e-09)
isl[1] = 2
isl[2] = 3421
gaml[1][2] = (0.00149183,5.38592e-09)
isl[1] = 2
isl[3] = 3422
gaml[1][3] = (-0.00127856,-2.82299e-08)
isl[2] = 3421
isl[0] = 1
gaml[2][0] = (-0.00127856,-2.82299e-08)
isl[2] = 3421
isl[1] = 2
gaml[2][1] = (0.00149183,5.38592e-09)
isl[2] = 3421
isl[2] = 3421
gaml[2][2] = (0.00215891,5.35656e-09)
isl[2] = 3421
isl[3] = 3422
gaml[2][3] = (-0.000687834,-2.8271e-08)
isl[3] = 3422
isl[0] = 1
gaml[3][0] = (-0.000687605,3.07509e-08)
isl[3] = 3422
isl[1] = 2
gaml[3][1] = (-0.00127856,-2.82299e-08)
isl[3] = 3422
isl[2] = 3421
gaml[3][2] = (-0.000687834,-2.8271e-08)
isl[3] = 3422
isl[3] = 3422
gaml[3][3] = (0.00215866,3.04524e-08)
isr[0] = 92
isr[0] = 92
gamrr[0][0] = (0.00215866,-3.04524e-08)
isr[1] = 91
isr[0] = 92
gamrr[1][0] = (-0.000687834,2.8271e-08)
isr[2] = 3512
isr[0] = 92
gamrr[2][0] = (-0.00127856,2.82299e-08)
isr[3] = 3511
isr[0] = 92
gamrr[3][0] = (-0.000687605,-3.07509e-08)
isr[0] = 92
isr[1] = 91
gamrr[0][1] = (-0.000687834,2.8271e-08)
isr[1] = 91
isr[1] = 91
gamrr[1][1] = (0.00215891,-5.35656e-09)
isr[2] = 3512
isr[1] = 91
gamrr[2][1] = (0.00149183,-5.38592e-09)
isr[3] = 3511
isr[1] = 91
gamrr[3][1] = (-0.00127856,2.82299e-08)
isr[0] = 92
isr[2] = 3512
gamrr[0][2] = (-0.00127856,2.82299e-08)
isr[1] = 91
isr[2] = 3512
gamrr[1][2] = (0.00149183,-5.38592e-09)
isr[2] = 3512
isr[2] = 3512
gamrr[2][2] = (0.00215891,-5.35656e-09)
isr[3] = 3511
isr[2] = 3512
gamrr[3][2] = (-0.000687834,2.8271e-08)
isr[0] = 92
isr[3] = 3511
gamrr[0][3] = (-0.000687605,-3.07509e-08)
isr[1] = 91
isr[3] = 3511
gamrr[1][3] = (-0.00127856,2.82299e-08)
isr[2] = 3512
isr[3] = 3511
gamrr[2][3] = (-0.000687834,2.8271e-08)
isr[3] = 3511
isr[3] = 3511
gamrr[3][3] = (0.00215866,-3.04524e-08)
-0.19980 	1.09834e-04	 (1.19543e-11, -3.08149e-33)	-9.93895e-12	3
isl[0] = 1
isl[0] = 1
gaml[0][0] = (0.00215653,3.0432e-08)
isl[0] = 1
isl[1] = 2
gaml[0][1] = (-0.000686986,-2.82587e-08)
isl[0] = 1
isl[2] = 3421
gaml[0][2] = (-0.00127731,-2.82177e-08)
isl[0] = 1
isl[3] = 3422
gaml[0][3] = (-0.000686757,3.07301e-08)
isl[1] = 2
isl[0] = 1
gaml[1][0] = (-0.000686986,-2.82587e-08)
isl[1] = 2
isl[1] = 2
gaml[1][1] = (0.00215677,5.38158e-09)
isl[1] = 2
isl[2] = 3421
gaml[1][2] = (0.00148999,5.41091e-09)
isl[1] = 2
isl[3] = 3422
gaml[1][3] = (-0.00127731,-2.82177e-08)
isl[2] = 3421
isl[0] = 1
gaml[2][0] = (-0.00127731,-2.82177e-08)
isl[2] = 3421
isl[1] = 2
gaml[2][1] = (0.00148999,5.41091e-09)
isl[2] = 3421
isl[2] = 3421
gaml[2][2] = (0.00215677,5.38158e-09)
isl[2] = 3421
isl[3] = 3422
gaml[2][3] = (-0.000686986,-2.82587e-08)
isl[3] = 3422
isl[0] = 1
gaml[3][0] = (-0.000686757,3.07301e-08)
isl[3] = 3422
isl[1] = 2
gaml[3][1] = (-0.00127731,-2.82177e-08)
isl[3] = 3422
isl[2] = 3421
gaml[3][2] = (-0.000686986,-2.82587e-08)
isl[3] = 3422
isl[3] = 3422
gaml[3][3] = (0.00215653,3.0432e-08)
isr[0] = 92
isr[0] = 92
gamrr[0][0] = (0.00215653,-3.0432e-08)
isr[1] = 91
isr[0] = 92
gamrr[1][0] = (-0.000686986,2.82587e-08)
isr[2] = 3512
isr[0] = 92
gamrr[2][0] = (-0.00127731,2.82177e-08)
isr[3] = 3511
isr[0] = 92
gamrr[3][0] = (-0.000686757,-3.07301e-08)
isr[0] = 92
isr[1] = 91
gamrr[0][1] = (-0.000686986,2.82587e-08)
isr[1] = 91
isr[1] = 91
gamrr[1][1] = (0.00215677,-5.38158e-09)
isr[2] = 3512
isr[1] = 91
gamrr[2][1] = (0.00148999,-5.41091e-09)
isr[3] = 3511
isr[1] = 91
gamrr[3][1] = (-0.00127731,2.82177e-08)
isr[0] = 92
isr[2] = 3512
gamrr[0][2] = (-0.00127731,2.82177e-08)
isr[1] = 91
isr[2] = 3512
gamrr[1][2] = (0.00148999,-5.41091e-09)
isr[2] = 3512
isr[2] = 3512
gamrr[2][2] = (0.00215677,-5.38158e-09)
isr[3] = 3511
isr[2] = 3512
gamrr[3][2] = (-0.000686986,2.82587e-08)
isr[0] = 92
isr[3] = 3511
gamrr[0][3] = (-0.000686757,-3.07301e-08)
isr[1] = 91
isr[3] = 3511
gamrr[1][3] = (-0.00127731,2.82177e-08)
isr[2] = 3512
isr[3] = 3511
gamrr[2][3] = (-0.000686986,2.82587e-08)
isr[3] = 3511
isr[3] = 3511
gamrr[3][3] = (0.00215653,-3.0432e-08)
-0.19975 	1.09764e-04	 (1.19291e-11, 1.23260e-32)	-9.93442e-12	2
isl[0] = 1
isl[0] = 1
gaml[0][0] = (0.00215439,3.04117e-08)
isl[0] = 1
isl[1] = 2
gaml[0][1] = (-0.00068614,-2.82464e-08)
isl[0] = 1
isl[2] = 3421
gaml[0][2] = (-0.00127605,-2.82054e-08)
isl[0] = 1
isl[3] = 3422
gaml[0][3] = (-0.000685911,3.07092e-08)
isl[1] = 2
isl[0] = 1
gaml[1][0] = (-0.00068614,-2.82464e-08)
isl[1] = 2
isl[1] = 2
gaml[1][1] = (0.00215464,5.40652e-09)
isl[1] = 2
isl[2] = 3421
gaml[1][2] = (0.00148815,5.43582e-09)
isl[1] = 2
isl[3] = 3422
gaml[1][3] = (-0.00127605,-2.82054e-08)
isl[2] = 3421
isl[0] = 1
gaml[2][0] = (-0.00127605,-2.82054e-08)
isl[2] = 3421
isl[1] = 2
gaml[2][1] = (0.00148815,5.43582e-09)
isl[2] = 3421
isl[2] = 3421
gaml[2][2] = (0.00215464,5.40652e-09)
isl[2] = 3421
isl[3] = 3422
gaml[2][3] = (-0.00068614,-2.82464e-08)
isl[3] = 3422
isl[0] = 1
gaml[3][0] = (-0.000685911,3.07092e-08)
isl[3] = 3422
isl[1] = 2
gaml[3][1] = (-0.00127605,-2.82054e-08)
isl[3] = 3422
isl[2] = 3421
gaml[3][2] = (-0.00068614,-2.82464e-08)
isl[3] = 3422
isl[3] = 3422
gaml[3][3] = (0.00215439,3.04117e-08)
isr[0] = 92
isr[0] = 92
gamrr[0][0] = (0.00215439,-3.04117e-08)
isr[1] = 91
isr[0] = 92
gamrr[1][0] = (-0.00068614,2.82464e-08)
isr[2] = 3512
isr[0] = 92
gamrr[2][0] = (-0.00127605,2.82054e-08)
isr[3] = 3511
isr[0] = 92
gamrr[3][0] = (-0.000685911,-3.07092e-08)
isr[0] = 92
isr[1] = 91
gamrr[0][1] = (-0.00068614,2.82464e-08)
isr[1] = 91
isr[1] = 91
gamrr[1][1] = (0.00215464,-5.40652e-09)
isr[2] = 3512
isr[1] = 91
gamrr[2][1] = (0.00148815,-5.43582e-09)
isr[3] = 3511
isr[1] = 91
gamrr[3][1] = (-0.00127605,2.82054e-08)
isr[0] = 92
isr[2] = 3512
gamrr[0][2] = (-0.00127605,2.82054e-08)
isr[1] = 91
isr[2] = 3512
gamrr[1][2] = (0.00148815,-5.43582e-09)
isr[2] = 3512
isr[2] = 3512
gamrr[2][2] = (0.00215464,-5.40652e-09)
isr[3] = 3511
isr[2] = 3512
gamrr[3][2] = (-0.00068614,2.82464e-08)
isr[0] = 92
isr[3] = 3511
gamrr[0][3] = (-0.000685911,-3.07092e-08)
isr[1] = 91
isr[3] = 3511
gamrr[1][3] = (-0.00127605,2.82054e-08)
isr[2] = 3512
isr[3] = 3511
gamrr[2][3] = (-0.00068614,2.82464e-08)
isr[3] = 3511
isr[3] = 3511
gamrr[3][3] = (0.00215439,-3.04117e-08)
-0.19970 	1.09694e-04	 (1.19040e-11, -3.08149e-33)	-9.92989e-12	2
isl[0] = 1
isl[0] = 1
gaml[0][0] = (0.00215227,3.03913e-08)
isl[0] = 1
isl[1] = 2
gaml[0][1] = (-0.000685295,-2.82341e-08)
isl[0] = 1
isl[2] = 3421
gaml[0][2] = (-0.0012748,-2.81932e-08)
isl[0] = 1
isl[3] = 3422
gaml[0][3] = (-0.000685066,3.06884e-08)
isl[1] = 2
isl[0] = 1
gaml[1][0] = (-0.000685295,-2.82341e-08)
isl[1] = 2
isl[1] = 2
gaml[1][1] = (0.00215251,5.43138e-09)
isl[1] = 2
isl[2] = 3421
gaml[1][2] = (0.00148632,5.46066e-09)
isl[1] = 2
isl[3] = 3422
gaml[1][3] = (-0.0012748,-2.81932e-08)
isl[2] = 3421
isl[0] = 1
gaml[2][0] = (-0.0012748,-2.81932e-08)
isl[2] = 3421
isl[1] = 2
gaml[2][1] = (0.00148632,5.46066e-09)
isl[2] = 3421
isl[2] = 3421
gaml[2][2] = (0.00215251,5.43138e-09)
isl[2] = 3421
isl[3] = 3422
gaml[2][3] = (-0.000685295,-2.82341e-08)
isl[3] = 3422
isl[0] = 1
gaml[3][0] = (-0.000685066,3.06884e-08)
isl[3] = 3422
isl[1] = 2
gaml[3][1] = (-0.0012748,-2.81932e-08)
isl[3] = 3422
isl[2] = 3421
gaml[3][2] = (-0.000685295,-2.82341e-08)
isl[3] = 3422
isl[3] = 3422
gaml[3][3] = (0.00215227,3.03913e-08)
isr[0] = 92
isr[0] = 92
gamrr[0][0] = (0.00215227,-3.03913e-08)
isr[1] = 91
isr[0] = 92
gamrr[1][0] = (-0.000685295,2.82341e-08)
isr[2] = 3512
isr[0] = 92
gamrr[2][0] = (-0.0012748,2.81932e-08)
isr[3] = 3511
isr[0] = 92
gamrr[3][0] = (-0.000685066,-3.06884e-08)
isr[0] = 92
isr[1] = 91
gamrr[0][1] = (-0.000685295,2.82341e-08)
isr[1] = 91
isr[1] = 91
gamrr[1][1] = (0.00215251,-5.43138e-09)
isr[2] = 3512
isr[1] = 91
gamrr[2][1] = (0.00148632,-5.46066e-09)
isr[3] = 3511
isr[1] = 91
gamrr[3][1] = (-0.0012748,2.81932e-08)
isr[0] = 92
isr[2] = 3512
gamrr[0][2] = (-0.0012748,2.81932e-08)
isr[1] = 91
isr[2] = 3512
gamrr[1][2] = (0.00148632,-5.46066e-09)
isr[2] = 3512
isr[2] = 3512
gamrr[2][2] = (0.00215251,-5.43138e-09)
isr[3] = 3511
isr[2] = 3512
gamrr[3][2] = (-0.000685295,2.82341e-08)
isr[0] = 92
isr[3] = 3511
gamrr[0][3] = (-0.000685066,-3.06884e-08)
isr[1] = 91
isr[3] = 3511
gamrr[1][3] = (-0.0012748,2.81932e-08)
isr[2] = 3512
isr[3] = 3511
gamrr[2][3] = (-0.000685295,2.82341e-08)
isr[3] = 3511
isr[3] = 3511
gamrr[3][3] = (0.00215227,-3.03913e-08)
-0.19965 	1.09624e-04	 (1.18789e-11, -3.08149e-33)	-9.92538e-12	2
isl[0] = 1
isl[0] = 1
gaml[0][0] = (0.00215014,3.0371e-08)
isl[0] = 1
isl[1] = 2
gaml[0][1] = (-0.000684452,-2.82217e-08)
isl[0] = 1
isl[2] = 3421
gaml[0][2] = (-0.00127354,-2.81809e-08)
isl[0] = 1
isl[3] = 3422
gaml[0][3] = (-0.000684222,3.06676e-08)
isl[1] = 2
isl[0] = 1
gaml[1][0] = (-0.000684452,-2.82217e-08)
isl[1] = 2
isl[1] = 2
gaml[1][1] = (0.00215038,5.45617e-09)
isl[1] = 2
isl[2] = 3421
gaml[1][2] = (0.00148448,5.48542e-09)
isl[1] = 2
isl[3] = 3422
gaml[1][3] = (-0.00127354,-2.81809e-08)
isl[2] = 3421
isl[0] = 1
gaml[2][0] = (-0.00127354,-2.81809e-08)
isl[2] = 3421
isl[1] = 2
gaml[2][1] = (0.00148448,5.48542e-09)
isl[2] = 3421
isl[2] = 3421
gaml[2][2] = (0.00215038,5.45617e-09)
isl[2] = 3421
isl[3] = 3422
gaml[2][3] = (-0.000684452,-2.82217e-08)
isl[3] = 3422
isl[0] = 1
gaml[3][0] = (-0.000684222,3.06676e-08)
isl[3] = 3422
isl[1] = 2
gaml[3][1] = (-0.00127354,-2.81809e-08)
isl[3] = 3422
isl[2] = 3421
gaml[3][2] = (-0.000684452,-2.82217e-08)
isl[3] = 3422
isl[3] = 3422
gaml[3][3] = (0.00215014,3.0371e-08)
isr[0] = 92
isr[0] = 92
gamrr[0][0] = (0.00215014,-3.0371e-08)
isr[1] = 91
isr[0] = 92
gamrr[1][0] = (-0.000684452,2.82217e-08)
isr[2] = 3512
isr[0] = 92
gamrr[2][0] = (-0.00127354,2.81809e-08)
isr[3] = 3511
isr[0] = 92
gamrr[3][0] = (-0.000684222,-3.06676e-08)
isr[0] = 92
isr[1] = 91
gamrr[0][1] = (-0.000684452,2.82217e-08)
isr[1] = 91
isr[1] = 91
gamrr[1][1] = (0.00215038,-5.45617e-09)
isr[2] = 3512
isr[1] = 91
gamrr[2][1] = (0.00148448,-5.48542e-09)
isr[3] = 3511
isr[1] = 91
gamrr[3][1] = (-0.00127354,2.81809e-08)
isr[0] = 92
isr[2] = 3512
gamrr[0][2] = (-0.00127354,2.81809e-08)
isr[1] = 91
isr[2] = 3512
gamrr[1][2] = (0.00148448,-5.48542e-09)
isr[2] = 3512
isr[2] = 3512
gamrr[2][2] = (0.00215038,-5.45617e-09)
isr[3] = 3511
isr[2] = 3512
gamrr[3][2] = (-0.000684452,2.82217e-08)
isr[0] = 92
isr[3] = 3511
gamrr[0][3] = (-0.000684222,-3.06676e-08)
isr[1] = 91
isr[3] = 3511
gamrr[1][3] = (-0.00127354,2.81809e-08)
isr[2] = 3512
isr[3] = 3511
gamrr[2][3] = (-0.000684452,2.82217e-08)
isr[3] = 3511
isr[3] = 3511
gamrr[3][3] = (0.00215014,-3.0371e-08)
-0.19960 	1.09555e-04	 (1.18538e-11, -3.08149e-33)	-9.92088e-12	2
isl[0] = 1
isl[0] = 1
gaml[0][0] = (0.00214802,3.03507e-08)
isl[0] = 1
isl[1] = 2
gaml[0][1] = (-0.000683609,-2.82094e-08)
isl[0] = 1
isl[2] = 3421
gaml[0][2] = (-0.00127229,-2.81686e-08)
isl[0] = 1
isl[3] = 3422
gaml[0][3] = (-0.00068338,3.06468e-08)
isl[1] = 2
isl[0] = 1
gaml[1][0] = (-0.000683609,-2.82094e-08)
isl[1] = 2
isl[1] = 2
gaml[1][1] = (0.00214826,5.48089e-09)
isl[1] = 2
isl[2] = 3421
gaml[1][2] = (0.00148265,5.5101e-09)
isl[1] = 2
isl[3] = 3422
gaml[1][3] = (-0.00127229,-2.81686e-08)
isl[2] = 3421
isl[0] = 1
gaml[2][0] = (-0.00127229,-2.81686e-08)
isl[2] = 3421
isl[1] = 2
gaml[2][1] = (0.00148265,5.5101e-09)
isl[2] = 3421
isl[2] = 3421
gaml[2][2] = (0.00214826,5.48089e-09)
isl[2] = 3421
isl[3] = 3422
gaml[2][3] = (-0.000683609,-2.82094e-08)
isl[3] = 3422
isl[0] = 1
gaml[3][0] = (-0.00068338,3.06468e-08)
isl[3] = 3422
isl[1] = 2
gaml[3][1] = (-0.00127229,-2.81686e-08)
isl[3] = 3422
isl[2] = 3421
gaml[3][2] = (-0.000683609,-2.82094e-08)
isl[3] = 3422
isl[3] = 3422
gaml[3][3] = (0.00214802,3.03507e-08)
isr[0] = 92
isr[0] = 92
gamrr[0][0] = (0.00214802,-3.03507e-08)
isr[1] = 91
isr[0] = 92
gamrr[1][0] = (-0.000683609,2.82094e-08)
isr[2] = 3512
isr[0] = 92
gamrr[2][0] = (-0.00127229,2.81686e-08)
isr[3] = 3511
isr[0] = 92
gamrr[3][0] = (-0.00068338,-3.06468e-08)
isr[0] = 92
isr[1] = 91
gamrr[0][1] = (-0.000683609,2.82094e-08)
isr[1] = 91
isr[1] = 91
gamrr[1][1] = (0.00214826,-5.48089e-09)
isr[2] = 3512
isr[1] = 91
gamrr[2][1] = (0.00148265,-5.5101e-09)
isr[3] = 3511
isr[1] = 91
gamrr[3][1] = (-0.00127229,2.81686e-08)
isr[0] = 92
isr[2] = 3512
gamrr[0][2] = (-0.00127229,2.81686e-08)
isr[1] = 91
isr[2] = 3512
gamrr[1][2] = (0.00148265,-5.5101e-09)
isr[2] = 3512
isr[2] = 3512
gamrr[2][2] = (0.00214826,-5.48089e-09)
isr[3] = 3511
isr[2] = 3512
gamrr[3][2] = (-0.000683609,2.82094e-08)
isr[0] = 92
isr[3] = 3511
gamrr[0][3] = (-0.00068338,-3.06468e-08)
isr[1] = 91
isr[3] = 3511
gamrr[1][3] = (-0.00127229,2.81686e-08)
isr[2] = 3512
isr[3] = 3511
gamrr[2][3] = (-0.000683609,2.82094e-08)
isr[3] = 3511
isr[3] = 3511
gamrr[3][3] = (0.00214802,-3.03507e-08)
-0.19955 	1.09486e-04	 (1.18289e-11, -6.16298e-33)	-9.91639e-12	2
isl[0] = 1
isl[0] = 1
gaml[0][0] = (0.0021459,3.03304e-08)
isl[0] = 1
isl[1] = 2
gaml[0][1] = (-0.000682769,-2.81971e-08)
isl[0] = 1
isl[2] = 3421
gaml[0][2] = (-0.00127105,-2.81564e-08)
isl[0] = 1
isl[3] = 3422
gaml[0][3] = (-0.000682539,3.06261e-08)
isl[1] = 2
isl[0] = 1
gaml[1][0] = (-0.000682769,-2.81971e-08)
isl[1] = 2
isl[1] = 2
gaml[1][1] = (0.00214614,5.50552e-09)
isl[1] = 2
isl[2] = 3421
gaml[1][2] = (0.00148083,5.53471e-09)
isl[1] = 2
isl[3] = 3422
gaml[1][3] = (-0.00127105,-2.81564e-08)
isl[2] = 3421
isl[0] = 1
gaml[2][0] = (-0.00127105,-2.81564e-08)
isl[2] = 3421
isl[1] = 2
gaml[2][1] = (0.00148083,5.53471e-09)
isl[2] = 3421
isl[2] = 3421
gaml[2][2] = (0.00214614,5.50552e-09)
isl[2] = 3421
isl[3] = 3422
gaml[2][3] = (-0.000682769,-2.81971e-08)
isl[3] = 3422
isl[0] = 1
gaml[3][0] = (-0.000682539,3.06261e-08)
isl[3] = 3422
isl[1] = 2
gaml[3][1] = (-0.00127105,-2.81564e-08)
isl[3] = 3422
isl[2] = 3421
gaml[3][2] = (-0.000682769,-2.81971e-08)
isl[3] = 3422
isl[3] = 3422
gaml[3][3] = (0.0021459,3.03304e-08)
isr[0] = 92
isr[0] = 92
gamrr[0][0] = (0.0021459,-3.03304e-08)
isr[1] = 91
isr[0] = 92
gamrr[1][0] = (-0.000682769,2.81971e-08)
isr[2] = 3512
isr[0] = 92
gamrr[2][0] = (-0.00127105,2.81564e-08)
isr[3] = 3511
isr[0] = 92
gamrr[3][0] = (-0.000682539,-3.06261e-08)
isr[0] = 92
isr[1] = 91
gamrr[0][1] = (-0.000682769,2.81971e-08)
isr[1] = 91
isr[1] = 91
gamrr[1][1] = (0.00214614,-5.50552e-09)
isr[2] = 3512
isr[1] = 91
gamrr[2][1] = (0.00148083,-5.53471e-09)
isr[3] = 3511
isr[1] = 91
gamrr[3][1] = (-0.00127105,2.81564e-08)
isr[0] = 92
isr[2] = 3512
gamrr[0][2] = (-0.00127105,2.81564e-08)
isr[1] = 91
isr[2] = 3512
gamrr[1][2] = (0.00148083,-5.53471e-09)
isr[2] = 3512
isr[2] = 3512
gamrr[2][2] = (0.00214614,-5.50552e-09)
isr[3] = 3511
isr[2] = 3512
gamrr[3][2] = (-0.000682769,2.81971e-08)
isr[0] = 92
isr[3] = 3511
gamrr[0][3] = (-0.000682539,-3.06261e-08)
isr[1] = 91
isr[3] = 3511
gamrr[1][3] = (-0.00127105,2.81564e-08)
isr[2] = 3512
isr[3] = 3511
gamrr[2][3] = (-0.000682769,2.81971e-08)
isr[3] = 3511
isr[3] = 3511
gamrr[3][3] = (0.0021459,-3.03304e-08)
-0.19950 	1.09416e-04	 (1.18040e-11, -3.08149e-33)	-9.91192e-12	2
isl[0] = 1
isl[0] = 1
gaml[0][0] = (0.00214378,3.03101e-08)
isl[0] = 1
isl[1] = 2
gaml[0][1] = (-0.000681929,-2.81848e-08)
isl[0] = 1
isl[2] = 3421
gaml[0][2] = (-0.0012698,-2.81441e-08)
isl[0] = 1
isl[3] = 3422
gaml[0][3] = (-0.0006817,3.06054e-08)
isl[1] = 2
isl[0] = 1
gaml[1][0] = (-0.000681929,-2.81848e-08)
isl[1] = 2
isl[1] = 2
gaml[1][1] = (0.00214403,5.53009e-09)
isl[1] = 2
isl[2] = 3421
gaml[1][2] = (0.001479,5.55924e-09)
isl[1] = 2
isl[3] = 3422
gaml[1][3] = (-0.0012698,-2.81441e-08)
isl[2] = 3421
isl[0] = 1
gaml[2][0] = (-0.0012698,-2.81441e-08)
isl[2] = 3421
isl[1] = 2
gaml[2][1] = (0.001479,5.55924e-09)
isl[2] = 3421
isl[2] = 3421
gaml[2][2] = (0.00214403,5.53009e-09)
isl[2] = 3421
isl[3] = 3422
gaml[2][3] = (-0.000681929,-2.81848e-08)
isl[3] = 3422
isl[0] = 1
gaml[3][0] = (-0.0006817,3.06054e-08)
isl[3] = 3422
isl[1] = 2
gaml[3][1] = (-0.0012698,-2.81441e-08)
isl[3] = 3422
isl[2] = 3421
gaml[3][2] = (-0.000681929,-2.81848e-08)
isl[3] = 3422
isl[3] = 3422
gaml[3][3] = (0.00214378,3.03101e-08)
isr[0] = 92
isr[0] = 92
gamrr[0][0] = (0.00214378,-3.03101e-08)
isr[1] = 91
isr[0] = 92
gamrr[1][0] = (-0.000681929,2.81848e-08)
isr[2] = 3512
isr[0] = 92
gamrr[2][0] = (-0.0012698,2.81441e-08)
isr[3] = 3511
isr[0] = 92
gamrr[3][0] = (-0.0006817,-3.06054e-08)
isr[0] = 92
isr[1] = 91
gamrr[0][1] = (-0.000681929,2.81848e-08)
isr[1] = 91
isr[1] = 91
gamrr[1][1] = (0.00214403,-5.53009e-09)
isr[2] = 3512
isr[1] = 91
gamrr[2][1] = (0.001479,-5.55924e-09)
isr[3] = 3511
isr[1] = 91
gamrr[3][1] = (-0.0012698,2.81441e-08)
isr[0] = 92
isr[2] = 3512
gamrr[0][2] = (-0.0012698,2.81441e-08)
isr[1] = 91
isr[2] = 3512
gamrr[1][2] = (0.001479,-5.55924e-09)
isr[2] = 3512
isr[2] = 3512
gamrr[2][2] = (0.00214403,-5.53009e-09)
isr[3] = 3511
isr[2] = 3512
gamrr[3][2] = (-0.000681929,2.81848e-08)
isr[0] = 92
isr[3] = 3511
gamrr[0][3] = (-0.0006817,-3.06054e-08)
isr[1] = 91
isr[3] = 3511
gamrr[1][3] = (-0.0012698,2.81441e-08)
isr[2] = 3512
isr[3] = 3511
gamrr[2][3] = (-0.000681929,2.81848e-08)
isr[3] = 3511
isr[3] = 3511
gamrr[3][3] = (0.00214378,-3.03101e-08)
-0.19945 	1.09347e-04	 (1.17792e-11, 9.24446e-33)	-9.90745e-12	2
isl[0] = 1
isl[0] = 1
gaml[0][0] = (0.00214167,3.02898e-08)
isl[0] = 1
isl[1] = 2
gaml[0][1] = (-0.000681091,-2.81725e-08)
isl[0] = 1
isl[2] = 3421
gaml[0][2] = (-0.00126855,-2.81318e-08)
isl[0] = 1
isl[3] = 3422
gaml[0][3] = (-0.000680862,3.05846e-08)
isl[1] = 2
isl[0] = 1
gaml[1][0] = (-0.000681091,-2.81725e-08)
isl[1] = 2
isl[1] = 2
gaml[1][1] = (0.00214192,5.55457e-09)
isl[1] = 2
isl[2] = 3421
gaml[1][2] = (0.00147718,5.5837e-09)
isl[1] = 2
isl[3] = 3422
gaml[1][3] = (-0.00126855,-2.81318e-08)
isl[2] = 3421
isl[0] = 1
gaml[2][0] = (-0.00126855,-2.81318e-08)
isl[2] = 3421
isl[1] = 2
gaml[2][1] = (0.00147718,5.5837e-09)
isl[2] = 3421
isl[2] = 3421
gaml[2][2] = (0.00214192,5.55457e-09)
isl[2] = 3421
isl[3] = 3422
gaml[2][3] = (-0.000681091,-2.81725e-08)
isl[3] = 3422
isl[0] = 1
gaml[3][0] = (-0.000680862,3.05846e-08)
isl[3] = 3422
isl[1] = 2
gaml[3][1] = (-0.00126855,-2.81318e-08)
isl[3] = 3422
isl[2] = 3421
gaml[3][2] = (-0.000681091,-2.81725e-08)
isl[3] = 3422
isl[3] = 3422
gaml[3][3] = (0.00214167,3.02898e-08)
isr[0] = 92
isr[0] = 92
gamrr[0][0] = (0.00214167,-3.02898e-08)
isr[1] = 91
isr[0] = 92
gamrr[1][0] = (-0.000681091,2.81725e-08)
isr[2] = 3512
isr[0] = 92
gamrr[2][0] = (-0.00126855,2.81318e-08)
isr[3] = 3511
isr[0] = 92
gamrr[3][0] = (-0.000680862,-3.05846e-08)
isr[0] = 92
isr[1] = 91
gamrr[0][1] = (-0.000681091,2.81725e-08)
isr[1] = 91
isr[1] = 91
gamrr[1][1] = (0.00214192,-5.55457e-09)
isr[2] = 3512
isr[1] = 91
gamrr[2][1] = (0.00147718,-5.5837e-09)
isr[3] = 3511
isr[1] = 91
gamrr[3][1] = (-0.00126855,2.81318e-08)
isr[0] = 92
isr[2] = 3512
gamrr[0][2] = (-0.00126855,2.81318e-08)
isr[1] = 91
isr[2] = 3512
gamrr[1][2] = (0.00147718,-5.5837e-09)
isr[2] = 3512
isr[2] = 3512
gamrr[2][2] = (0.00214192,-5.55457e-09)
isr[3] = 3511
isr[2] = 3512
gamrr[3][2] = (-0.000681091,2.81725e-08)
isr[0] = 92
isr[3] = 3511
gamrr[0][3] = (-0.000680862,-3.05846e-08)
isr[1] = 91
isr[3] = 3511
gamrr[1][3] = (-0.00126855,2.81318e-08)
isr[2] = 3512
isr[3] = 3511
gamrr[2][3] = (-0.000681091,2.81725e-08)
isr[3] = 3511
isr[3] = 3511
gamrr[3][3] = (0.00214167,-3.02898e-08)
-0.19940 	1.09278e-04	 (1.17544e-11, 0.00000e+00)	-9.90300e-12	2
isl[0] = 1
isl[0] = 1
gaml[0][0] = (0.00213956,3.02696e-08)
isl[0] = 1
isl[1] = 2
gaml[0][1] = (-0.000680254,-2.81601e-08)
isl[0] = 1
isl[2] = 3421
gaml[0][2] = (-0.00126731,-2.81196e-08)
isl[0] = 1
isl[3] = 3422
gaml[0][3] = (-0.000680025,3.05639e-08)
isl[1] = 2
isl[0] = 1
gaml[1][0] = (-0.000680254,-2.81601e-08)
isl[1] = 2
isl[1] = 2
gaml[1][1] = (0.00213981,5.57898e-09)
isl[1] = 2
isl[2] = 3421
gaml[1][2] = (0.00147536,5.60808e-09)
isl[1] = 2
isl[3] = 3422
gaml[1][3] = (-0.00126731,-2.81196e-08)
isl[2] = 3421
isl[0] = 1
gaml[2][0] = (-0.00126731,-2.81196e-08)
isl[2] = 3421
isl[1] = 2
gaml[2][1] = (0.00147536,5.60808e-09)
isl[2] = 3421
isl[2] = 3421
gaml[2][2] = (0.00213981,5.57898e-09)
isl[2] = 3421
isl[3] = 3422
gaml[2][3] = (-0.000680254,-2.81601e-08)
isl[3] = 3422
isl[0] = 1
gaml[3][0] = (-0.000680025,3.05639e-08)
isl[3] = 3422
isl[1] = 2
gaml[3][1] = (-0.00126731,-2.81196e-08)
isl[3] = 3422
isl[2] = 3421
gaml[3][2] = (-0.000680254,-2.81601e-08)
isl[3] = 3422
isl[3] = 3422
gaml[3][3] = (0.00213956,3.02696e-08)
isr[0] = 92
isr[0] = 92
gamrr[0][0] = (0.00213956,-3.02696e-08)
isr[1] = 91
isr[0] = 92
gamrr[1][0] = (-0.000680254,2.81601e-08)
isr[2] = 3512
isr[0] = 92
gamrr[2][0] = (-0.00126731,2.81196e-08)
isr[3] = 3511
isr[0] = 92
gamrr[3][0] = (-0.000680025,-3.05639e-08)
isr[0] = 92
isr[1] = 91
gamrr[0][1] = (-0.000680254,2.81601e-08)
isr[1] = 91
isr[1] = 91
gamrr[1][1] = (0.00213981,-5.57898e-09)
isr[2] = 3512
isr[1] = 91
gamrr[2][1] = (0.00147536,-5.60808e-09)
isr[3] = 3511
isr[1] = 91
gamrr[3][1] = (-0.00126731,2.81196e-08)
isr[0] = 92
isr[2] = 3512
gamrr[0][2] = (-0.00126731,2.81196e-08)
isr[1] = 91
isr[2] = 3512
gamrr[1][2] = (0.00147536,-5.60808e-09)
isr[2] = 3512
isr[2] = 3512
gamrr[2][2] = (0.00213981,-5.57898e-09)
isr[3] = 3511
isr[2] = 3512
gamrr[3][2] = (-0.000680254,2.81601e-08)
isr[0] = 92
isr[3] = 3511
gamrr[0][3] = (-0.000680025,-3.05639e-08)
isr[1] = 91
isr[3] = 3511
gamrr[1][3] = (-0.00126731,2.81196e-08)
isr[2] = 3512
isr[3] = 3511
gamrr[2][3] = (-0.000680254,2.81601e-08)
isr[3] = 3511
isr[3] = 3511
gamrr[3][3] = (0.00213956,-3.02696e-08)
-0.19935 	1.09209e-04	 (1.17297e-11, -1.84889e-32)	-9.89857e-12	3
isl[0] = 1
isl[0] = 1
gaml[0][0] = (0.00213746,3.02494e-08)
isl[0] = 1
isl[1] = 2
gaml[0][1] = (-0.000679419,-2.81478e-08)
isl[0] = 1
isl[2] = 3421
gaml[0][2] = (-0.00126607,-2.81073e-08)
isl[0] = 1
isl[3] = 3422
gaml[0][3] = (-0.00067919,3.05433e-08)
isl[1] = 2
isl[0] = 1
gaml[1][0] = (-0.000679419,-2.81478e-08)
isl[1] = 2
isl[1] = 2
gaml[1][1] = (0.0021377,5.60332e-09)
isl[1] = 2
isl[2] = 3421
gaml[1][2] = (0.00147355,5.63239e-09)
isl[1] = 2
isl[3] = 3422
gaml[1][3] = (-0.00126607,-2.81073e-08)
isl[2] = 3421
isl[0] = 1
gaml[2][0] = (-0.00126607,-2.81073e-08)
isl[2] = 3421
isl[1] = 2
gaml[2][1] = (0.00147355,5.63239e-09)
isl[2] = 3421
isl[2] = 3421
gaml[2][2] = (0.0021377,5.60332e-09)
isl[2] = 3421
isl[3] = 3422
gaml[2][3] = (-0.000679419,-2.81478e-08)
isl[3] = 3422
isl[0] = 1
gaml[3][0] = (-0.00067919,3.05433e-08)
isl[3] = 3422
isl[1] = 2
gaml[3][1] = (-0.00126607,-2.81073e-08)
isl[3] = 3422
isl[2] = 3421
gaml[3][2] = (-0.000679419,-2.81478e-08)
isl[3] = 3422
isl[3] = 3422
gaml[3][3] = (0.00213746,3.02494e-08)
isr[0] = 92
isr[0] = 92
gamrr[0][0] = (0.00213746,-3.02494e-08)
isr[1] = 91
isr[0] = 92
gamrr[1][0] = (-0.000679419,2.81478e-08)
isr[2] = 3512
isr[0] = 92
gamrr[2][0] = (-0.00126607,2.81073e-08)
isr[3] = 3511
isr[0] = 92
gamrr[3][0] = (-0.00067919,-3.05433e-08)
isr[0] = 92
isr[1] = 91
gamrr[0][1] = (-0.000679419,2.81478e-08)
isr[1] = 91
isr[1] = 91
gamrr[1][1] = (0.0021377,-5.60332e-09)
isr[2] = 3512
isr[1] = 91
gamrr[2][1] = (0.00147355,-5.63239e-09)
isr[3] = 3511
isr[1] = 91
gamrr[3][1] = (-0.00126607,2.81073e-08)
isr[0] = 92
isr[2] = 3512
gamrr[0][2] = (-0.00126607,2.81073e-08)
isr[1] = 91
isr[2] = 3512
gamrr[1][2] = (0.00147355,-5.63239e-09)
isr[2] = 3512
isr[2] = 3512
gamrr[2][2] = (0.0021377,-5.60332e-09)
isr[3] = 3511
isr[2] = 3512
gamrr[3][2] = (-0.000679419,2.81478e-08)
isr[0] = 92
isr[3] = 3511
gamrr[0][3] = (-0.00067919,-3.05433e-08)
isr[1] = 91
isr[3] = 3511
gamrr[1][3] = (-0.00126607,2.81073e-08)
isr[2] = 3512
isr[3] = 3511
gamrr[2][3] = (-0.000679419,2.81478e-08)
isr[3] = 3511
isr[3] = 3511
gamrr[3][3] = (0.00213746,-3.02494e-08)
-0.19930 	1.09140e-04	 (1.17051e-11, 9.24446e-33)	-9.89414e-12	2
isl[0] = 1
isl[0] = 1
gaml[0][0] = (0.00213535,3.02292e-08)
isl[0] = 1
isl[1] = 2
gaml[0][1] = (-0.000678585,-2.81355e-08)
isl[0] = 1
isl[2] = 3421
gaml[0][2] = (-0.00126483,-2.8095e-08)
isl[0] = 1
isl[3] = 3422
gaml[0][3] = (-0.000678356,3.05226e-08)
isl[1] = 2
isl[0] = 1
gaml[1][0] = (-0.000678585,-2.81355e-08)
isl[1] = 2
isl[1] = 2
gaml[1][1] = (0.0021356,5.62758e-09)
isl[1] = 2
isl[2] = 3421
gaml[1][2] = (0.00147174,5.65662e-09)
isl[1] = 2
isl[3] = 3422
gaml[1][3] = (-0.00126483,-2.8095e-08)
isl[2] = 3421
isl[0] = 1
gaml[2][0] = (-0.00126483,-2.8095e-08)
isl[2] = 3421
isl[1] = 2
gaml[2][1] = (0.00147174,5.65662e-09)
isl[2] = 3421
isl[2] = 3421
gaml[2][2] = (0.0021356,5.62758e-09)
isl[2] = 3421
isl[3] = 3422
gaml[2][3] = (-0.000678585,-2.81355e-08)
isl[3] = 3422
isl[0] = 1
gaml[3][0] = (-0.000678356,3.05226e-08)
isl[3] = 3422
isl[1] = 2
gaml[3][1] = (-0.00126483,-2.8095e-08)
isl[3] = 3422
isl[2] = 3421
gaml[3][2] = (-0.000678585,-2.81355e-08)
isl[3] = 3422
isl[3] = 3422
gaml[3][3] = (0.00213535,3.02292e-08)
isr[0] = 92
isr[0] = 92
gamrr[0][0] = (0.00213535,-3.02292e-08)
isr[1] = 91
isr[0] = 92
gamrr[1][0] = (-0.000678585,2.81355e-08)
isr[2] = 3512
isr[0] = 92
gamrr[2][0] = (-0.00126483,2.8095e-08)
isr[3] = 3511
isr[0] = 92
gamrr[3][0] = (-0.000678356,-3.05226e-08)
isr[0] = 92
isr[1] = 91
gamrr[0][1] = (-0.000678585,2.81355e-08)
isr[1] = 91
isr[1] = 91
gamrr[1][1] = (0.0021356,-5.62758e-09)
isr[2] = 3512
isr[1] = 91
gamrr[2][1] = (0.00147174,-5.65662e-09)
isr[3] = 3511
isr[1] = 91
gamrr[3][1] = (-0.00126483,2.8095e-08)
isr[0] = 92
isr[2] = 3512
gamrr[0][2] = (-0.00126483,2.8095e-08)
isr[1] = 91
isr[2] = 3512
gamrr[1][2] = (0.00147174,-5.65662e-09)
isr[2] = 3512
isr[2] = 3512
gamrr[2][2] = (0.0021356,-5.62758e-09)
isr[3] = 3511
isr[2] = 3512
gamrr[3][2] = (-0.000678585,2.81355e-08)
isr[0] = 92
isr[3] = 3511
gamrr[0][3] = (-0.000678356,-3.05226e-08)
isr[1] = 91
isr[3] = 3511
gamrr[1][3] = (-0.00126483,2.8095e-08)
isr[2] = 3512
isr[3] = 3511
gamrr[2][3] = (-0.000678585,2.81355e-08)
isr[3] = 3511
isr[3] = 3511
gamrr[3][3] = (0.00213535,-3.02292e-08)
-0.19925 	1.09071e-04	 (1.16805e-11, 1.54074e-32)	-9.88973e-12	2
isl[0] = 1
isl[0] = 1
gaml[0][0] = (0.00213326,3.0209e-08)
isl[0] = 1
isl[1] = 2
gaml[0][1] = (-0.000677752,-2.81232e-08)
isl[0] = 1
isl[2] = 3421
gaml[0][2] = (-0.0012636,-2.80828e-08)
isl[0] = 1
isl[3] = 3422
gaml[0][3] = (-0.000677523,3.0502e-08)
isl[1] = 2
isl[0] = 1
gaml[1][0] = (-0.000677752,-2.81232e-08)
isl[1] = 2
isl[1] = 2
gaml[1][1] = (0.0021335,5.65176e-09)
isl[1] = 2
isl[2] = 3421
gaml[1][2] = (0.00146993,5.68078e-09)
isl[1] = 2
isl[3] = 3422
gaml[1][3] = (-0.0012636,-2.80828e-08)
isl[2] = 3421
isl[0] = 1
gaml[2][0] = (-0.0012636,-2.80828e-08)
isl[2] = 3421
isl[1] = 2
gaml[2][1] = (0.00146993,5.68078e-09)
isl[2] = 3421
isl[2] = 3421
gaml[2][2] = (0.0021335,5.65176e-09)
isl[2] = 3421
isl[3] = 3422
gaml[2][3] = (-0.000677752,-2.81232e-08)
isl[3] = 3422
isl[0] = 1
gaml[3][0] = (-0.000677523,3.0502e-08)
isl[3] = 3422
isl[1] = 2
gaml[3][1] = (-0.0012636,-2.80828e-08)
isl[3] = 3422
isl[2] = 3421
gaml[3][2] = (-0.000677752,-2.81232e-08)
isl[3] = 3422
isl[3] = 3422
gaml[3][3] = (0.00213326,3.0209e-08)
isr[0] = 92
isr[0] = 92
gamrr[0][0] = (0.00213326,-3.0209e-08)
isr[1] = 91
isr[0] = 92
gamrr[1][0] = (-0.000677752,2.81232e-08)
isr[2] = 3512
isr[0] = 92
gamrr[2][0] = (-0.0012636,2.80828e-08)
isr[3] = 3511
isr[0] = 92
gamrr[3][0] = (-0.000677523,-3.0502e-08)
isr[0] = 92
isr[1] = 91
gamrr[0][1] = (-0.000677752,2.81232e-08)
isr[1] = 91
isr[1] = 91
gamrr[1][1] = (0.0021335,-5.65176e-09)
isr[2] = 3512
isr[1] = 91
gamrr[2][1] = (0.00146993,-5.68078e-09)
isr[3] = 3511
isr[1] = 91
gamrr[3][1] = (-0.0012636,2.80828e-08)
isr[0] = 92
isr[2] = 3512
gamrr[0][2] = (-0.0012636,2.80828e-08)
isr[1] = 91
isr[2] = 3512
gamrr[1][2] = (0.00146993,-5.68078e-09)
isr[2] = 3512
isr[2] = 3512
gamrr[2][2] = (0.0021335,-5.65176e-09)
isr[3] = 3511
isr[2] = 3512
gamrr[3][2] = (-0.000677752,2.81232e-08)
isr[0] = 92
isr[3] = 3511
gamrr[0][3] = (-0.000677523,-3.0502e-08)
isr[1] = 91
isr[3] = 3511
gamrr[1][3] = (-0.0012636,2.80828e-08)
isr[2] = 3512
isr[3] = 3511
gamrr[2][3] = (-0.000677752,2.81232e-08)
isr[3] = 3511
isr[3] = 3511
gamrr[3][3] = (0.00213326,-3.0209e-08)
-0.19920 	1.09003e-04	 (1.16560e-11, 3.08149e-33)	-9.88533e-12	2
isl[0] = 1
isl[0] = 1
gaml[0][0] = (0.00213116,3.01889e-08)
isl[0] = 1
isl[1] = 2
gaml[0][1] = (-0.000676921,-2.81108e-08)
isl[0] = 1
isl[2] = 3421
gaml[0][2] = (-0.00126236,-2.80705e-08)
isl[0] = 1
isl[3] = 3422
gaml[0][3] = (-0.000676692,3.04814e-08)
isl[1] = 2
isl[0] = 1
gaml[1][0] = (-0.000676921,-2.81108e-08)
isl[1] = 2
isl[1] = 2
gaml[1][1] = (0.0021314,5.67587e-09)
isl[1] = 2
isl[2] = 3421
gaml[1][2] = (0.00146812,5.70486e-09)
isl[1] = 2
isl[3] = 3422
gaml[1][3] = (-0.00126236,-2.80705e-08)
isl[2] = 3421
isl[0] = 1
gaml[2][0] = (-0.00126236,-2.80705e-08)
isl[2] = 3421
isl[1] = 2
gaml[2][1] = (0.00146812,5.70486e-09)
isl[2] = 3421
isl[2] = 3421
gaml[2][2] = (0.0021314,5.67587e-09)
isl[2] = 3421
isl[3] = 3422
gaml[2][3] = (-0.000676921,-2.81108e-08)
isl[3] = 3422
isl[0] = 1
gaml[3][0] = (-0.000676692,3.04814e-08)
isl[3] = 3422
isl[1] = 2
gaml[3][1] = (-0.00126236,-2.80705e-08)
isl[3] = 3422
isl[2] = 3421
gaml[3][2] = (-0.000676921,-2.81108e-08)
isl[3] = 3422
isl[3] = 3422
gaml[3][3] = (0.00213116,3.01889e-08)
isr[0] = 92
isr[0] = 92
gamrr[0][0] = (0.00213116,-3.01889e-08)
isr[1] = 91
isr[0] = 92
gamrr[1][0] = (-0.000676921,2.81108e-08)
isr[2] = 3512
isr[0] = 92
gamrr[2][0] = (-0.00126236,2.80705e-08)
isr[3] = 3511
isr[0] = 92
gamrr[3][0] = (-0.000676692,-3.04814e-08)
isr[0] = 92
isr[1] = 91
gamrr[0][1] = (-0.000676921,2.81108e-08)
isr[1] = 91
isr[1] = 91
gamrr[1][1] = (0.0021314,-5.67587e-09)
isr[2] = 3512
isr[1] = 91
gamrr[2][1] = (0.00146812,-5.70486e-09)
isr[3] = 3511
isr[1] = 91
gamrr[3][1] = (-0.00126236,2.80705e-08)
isr[0] = 92
isr[2] = 3512
gamrr[0][2] = (-0.00126236,2.80705e-08)
isr[1] = 91
isr[2] = 3512
gamrr[1][2] = (0.00146812,-5.70486e-09)
isr[2] = 3512
isr[2] = 3512
gamrr[2][2] = (0.0021314,-5.67587e-09)
isr[3] = 3511
isr[2] = 3512
gamrr[3][2] = (-0.000676921,2.81108e-08)
isr[0] = 92
isr[3] = 3511
gamrr[0][3] = (-0.000676692,-3.04814e-08)
isr[1] = 91
isr[3] = 3511
gamrr[1][3] = (-0.00126236,2.80705e-08)
isr[2] = 3512
isr[3] = 3511
gamrr[2][3] = (-0.000676921,2.81108e-08)
isr[3] = 3511
isr[3] = 3511
gamrr[3][3] = (0.00213116,-3.01889e-08)
-0.19915 	1.08934e-04	 (1.16316e-11, -1.23260e-32)	-9.88094e-12	2
isl[0] = 1
isl[0] = 1
gaml[0][0] = (0.00212907,3.01687e-08)
isl[0] = 1
isl[1] = 2
gaml[0][1] = (-0.000676091,-2.80985e-08)
isl[0] = 1
isl[2] = 3421
gaml[0][2] = (-0.00126113,-2.80582e-08)
isl[0] = 1
isl[3] = 3422
gaml[0][3] = (-0.000675862,3.04608e-08)
isl[1] = 2
isl[0] = 1
gaml[1][0] = (-0.000676091,-2.80985e-08)
isl[1] = 2
isl[1] = 2
gaml[1][1] = (0.00212931,5.69991e-09)
isl[1] = 2
isl[2] = 3421
gaml[1][2] = (0.00146632,5.72887e-09)
isl[1] = 2
isl[3] = 3422
gaml[1][3] = (-0.00126113,-2.80582e-08)
isl[2] = 3421
isl[0] = 1
gaml[2][0] = (-0.00126113,-2.80582e-08)
isl[2] = 3421
isl[1] = 2
gaml[2][1] = (0.00146632,5.72887e-09)
isl[2] = 3421
isl[2] = 3421
gaml[2][2] = (0.00212931,5.69991e-09)
isl[2] = 3421
isl[3] = 3422
gaml[2][3] = (-0.000676091,-2.80985e-08)
isl[3] = 3422
isl[0] = 1
gaml[3][0] = (-0.000675862,3.04608e-08)
isl[3] = 3422
isl[1] = 2
gaml[3][1] = (-0.00126113,-2.80582e-08)
isl[3] = 3422
isl[2] = 3421
gaml[3][2] = (-0.000676091,-2.80985e-08)
isl[3] = 3422
isl[3] = 3422
gaml[3][3] = (0.00212907,3.01687e-08)
isr[0] = 92
isr[0] = 92
gamrr[0][0] = (0.00212907,-3.01687e-08)
isr[1] = 91
isr[0] = 92
gamrr[1][0] = (-0.000676091,2.80985e-08)
isr[2] = 3512
isr[0] = 92
gamrr[2][0] = (-0.00126113,2.80582e-08)
isr[3] = 3511
isr[0] = 92
gamrr[3][0] = (-0.000675862,-3.04608e-08)
isr[0] = 92
isr[1] = 91
gamrr[0][1] = (-0.000676091,2.80985e-08)
isr[1] = 91
isr[1] = 91
gamrr[1][1] = (0.00212931,-5.69991e-09)
isr[2] = 3512
isr[1] = 91
gamrr[2][1] = (0.00146632,-5.72887e-09)
isr[3] = 3511
isr[1] = 91
gamrr[3][1] = (-0.00126113,2.80582e-08)
isr[0] = 92
isr[2] = 3512
gamrr[0][2] = (-0.00126113,2.80582e-08)
isr[1] = 91
isr[2] = 3512
gamrr[1][2] = (0.00146632,-5.72887e-09)
isr[2] = 3512
isr[2] = 3512
gamrr[2][2] = (0.00212931,-5.69991e-09)
isr[3] = 3511
isr[2] = 3512
gamrr[3][2] = (-0.000676091,2.80985e-08)
isr[0] = 92
isr[3] = 3511
gamrr[0][3] = (-0.000675862,-3.04608e-08)
isr[1] = 91
isr[3] = 3511
gamrr[1][3] = (-0.00126113,2.80582e-08)
isr[2] = 3512
isr[3] = 3511
gamrr[2][3] = (-0.000676091,2.80985e-08)
isr[3] = 3511
isr[3] = 3511
gamrr[3][3] = (0.00212907,-3.01687e-08)
-0.19910 	1.08866e-04	 (1.16072e-11, 1.23260e-32)	-9.87656e-12	3
isl[0] = 1
isl[0] = 1
gaml[0][0] = (0.00212698,3.01486e-08)
isl[0] = 1
isl[1] = 2
gaml[0][1] = (-0.000675263,-2.80862e-08)
isl[0] = 1
isl[2] = 3421
gaml[0][2] = (-0.0012599,-2.80459e-08)
isl[0] = 1
isl[3] = 3422
gaml[0][3] = (-0.000675033,3.04402e-08)
isl[1] = 2
isl[0] = 1
gaml[1][0] = (-0.000675263,-2.80862e-08)
isl[1] = 2
isl[1] = 2
gaml[1][1] = (0.00212722,5.72387e-09)
isl[1] = 2
isl[2] = 3421
gaml[1][2] = (0.00146452,5.7528e-09)
isl[1] = 2
isl[3] = 3422
gaml[1][3] = (-0.0012599,-2.80459e-08)
isl[2] = 3421
isl[0] = 1
gaml[2][0] = (-0.0012599,-2.80459e-08)
isl[2] = 3421
isl[1] = 2
gaml[2][1] = (0.00146452,5.7528e-09)
isl[2] = 3421
isl[2] = 3421
gaml[2][2] = (0.00212722,5.72387e-09)
isl[2] = 3421
isl[3] = 3422
gaml[2][3] = (-0.000675263,-2.80862e-08)
isl[3] = 3422
isl[0] = 1
gaml[3][0] = (-0.000675033,3.04402e-08)
isl[3] = 3422
isl[1] = 2
gaml[3][1] = (-0.0012599,-2.80459e-08)
isl[3] = 3422
isl[2] = 3421
gaml[3][2] = (-0.000675263,-2.80862e-08)
isl[3] = 3422
isl[3] = 3422
gaml[3][3] = (0.00212698,3.01486e-08)
isr[0] = 92
isr[0] = 92
gamrr[0][0] = (0.00212698,-3.01486e-08)
isr[1] = 91
isr[0] = 92
gamrr[1][0] = (-0.000675263,2.80862e-08)
isr[2] = 3512
isr[0] = 92
gamrr[2][0] = (-0.0012599,2.80459e-08)
isr[3] = 3511
isr[0] = 92
gamrr[3][0] = (-0.000675033,-3.04402e-08)
isr[0] = 92
isr[1] = 91
gamrr[0][1] = (-0.000675263,2.80862e-08)
isr[1] = 91
isr[1] = 91
gamrr[1][1] = (0.00212722,-5.72387e-09)
isr[2] = 3512
isr[1] = 91
gamrr[2][1] = (0.00146452,-5.7528e-09)
isr[3] = 3511
isr[1] = 91
gamrr[3][1] = (-0.0012599,2.80459e-08)
isr[0] = 92
isr[2] = 3512
gamrr[0][2] = (-0.0012599,2.80459e-08)
isr[1] = 91
isr[2] = 3512
gamrr[1][2] = (0.00146452,-5.7528e-09)
isr[2] = 3512
isr[2] = 3512
gamrr[2][2] = (0.00212722,-5.72387e-09)
isr[3] = 3511
isr[2] = 3512
gamrr[3][2] = (-0.000675263,2.80862e-08)
isr[0] = 92
isr[3] = 3511
gamrr[0][3] = (-0.000675033,-3.04402e-08)
isr[1] = 91
isr[3] = 3511
gamrr[1][3] = (-0.0012599,2.80459e-08)
isr[2] = 3512
isr[3] = 3511
gamrr[2][3] = (-0.000675263,2.80862e-08)
isr[3] = 3511
isr[3] = 3511
gamrr[3][3] = (0.00212698,-3.01486e-08)
-0.19905 	1.08797e-04	 (1.15829e-11, -6.16298e-33)	-9.87219e-12	2
isl[0] = 1
isl[0] = 1
gaml[0][0] = (0.00212489,3.01285e-08)
isl[0] = 1
isl[1] = 2
gaml[0][1] = (-0.000674435,-2.80738e-08)
isl[0] = 1
isl[2] = 3421
gaml[0][2] = (-0.00125867,-2.80337e-08)
isl[0] = 1
isl[3] = 3422
gaml[0][3] = (-0.000674206,3.04197e-08)
isl[1] = 2
isl[0] = 1
gaml[1][0] = (-0.000674435,-2.80738e-08)
isl[1] = 2
isl[1] = 2
gaml[1][1] = (0.00212514,5.74776e-09)
isl[1] = 2
isl[2] = 3421
gaml[1][2] = (0.00146272,5.77666e-09)
isl[1] = 2
isl[3] = 3422
gaml[1][3] = (-0.00125867,-2.80337e-08)
isl[2] = 3421
isl[0] = 1
gaml[2][0] = (-0.00125867,-2.80337e-08)
isl[2] = 3421
isl[1] = 2
gaml[2][1] = (0.00146272,5.77666e-09)
isl[2] = 3421
isl[2] = 3421
gaml[2][2] = (0.00212514,5.74776e-09)
isl[2] = 3421
isl[3] = 3422
gaml[2][3] = (-0.000674435,-2.80738e-08)
isl[3] = 3422
isl[0] = 1
gaml[3][0] = (-0.000674206,3.04197e-08)
isl[3] = 3422
isl[1] = 2
gaml[3][1] = (-0.00125867,-2.80337e-08)
isl[3] = 3422
isl[2] = 3421
gaml[3][2] = (-0.000674435,-2.80738e-08)
isl[3] = 3422
isl[3] = 3422
gaml[3][3] = (0.00212489,3.01285e-08)
isr[0] = 92
isr[0] = 92
gamrr[0][0] = (0.00212489,-3.01285e-08)
isr[1] = 91
isr[0] = 92
gamrr[1][0] = (-0.000674435,2.80738e-08)
isr[2] = 3512
isr[0] = 92
gamrr[2][0] = (-0.00125867,2.80337e-08)
isr[3] = 3511
isr[0] = 92
gamrr[3][0] = (-0.000674206,-3.04197e-08)
isr[0] = 92
isr[1] = 91
gamrr[0][1] = (-0.000674435,2.80738e-08)
isr[1] = 91
isr[1] = 91
gamrr[1][1] = (0.00212514,-5.74776e-09)
isr[2] = 3512
isr[1] = 91
gamrr[2][1] = (0.00146272,-5.77666e-09)
isr[3] = 3511
isr[1] = 91
gamrr[3][1] = (-0.00125867,2.80337e-08)
isr[0] = 92
isr[2] = 3512
gamrr[0][2] = (-0.00125867,2.80337e-08)
isr[1] = 91
isr[2] = 3512
gamrr[1][2] = (0.00146272,-5.77666e-09)
isr[2] = 3512
isr[2] = 3512
gamrr[2][2] = (0.00212514,-5.74776e-09)
isr[3] = 3511
isr[2] = 3512
gamrr[3][2] = (-0.000674435,2.80738e-08)
isr[0] = 92
isr[3] = 3511
gamrr[0][3] = (-0.000674206,-3.04197e-08)
isr[1] = 91
isr[3] = 3511
gamrr[1][3] = (-0.00125867,2.80337e-08)
isr[2] = 3512
isr[3] = 3511
gamrr[2][3] = (-0.000674435,2.80738e-08)
isr[3] = 3511
isr[3] = 3511
gamrr[3][3] = (0.00212489,-3.01285e-08)
-0.19900 	1.08729e-04	 (1.15586e-11, -3.08149e-33)	-9.86784e-12	2
isl[0] = 1
isl[0] = 1
gaml[0][0] = (0.00212281,3.01085e-08)
isl[0] = 1
isl[1] = 2
gaml[0][1] = (-0.000673609,-2.80615e-08)
isl[0] = 1
isl[2] = 3421
gaml[0][2] = (-0.00125744,-2.80214e-08)
isl[0] = 1
isl[3] = 3422
gaml[0][3] = (-0.00067338,3.03992e-08)
isl[1] = 2
isl[0] = 1
gaml[1][0] = (-0.000673609,-2.80615e-08)
isl[1] = 2
isl[1] = 2
gaml[1][1] = (0.00212305,5.77158e-09)
isl[1] = 2
isl[2] = 3421
gaml[1][2] = (0.00146093,5.80045e-09)
isl[1] = 2
isl[3] = 3422
gaml[1][3] = (-0.00125744,-2.80214e-08)
isl[2] = 3421
isl[0] = 1
gaml[2][0] = (-0.00125744,-2.80214e-08)
isl[2] = 3421
isl[1] = 2
gaml[2][1] = (0.00146093,5.80045e-09)
isl[2] = 3421
isl[2] = 3421
gaml[2][2] = (0.00212305,5.77158e-09)
isl[2] = 3421
isl[3] = 3422
gaml[2][3] = (-0.000673609,-2.80615e-08)
isl[3] = 3422
isl[0] = 1
gaml[3][0] = (-0.00067338,3.03992e-08)
isl[3] = 3422
isl[1] = 2
gaml[3][1] = (-0.00125744,-2.80214e-08)
isl[3] = 3422
isl[2] = 3421
gaml[3][2] = (-0.000673609,-2.80615e-08)
isl[3] = 3422
isl[3] = 3422
gaml[3][3] = (0.00212281,3.01085e-08)
isr[0] = 92
isr[0] = 92
gamrr[0][0] = (0.00212281,-3.01085e-08)
isr[1] = 91
isr[0] = 92
gamrr[1][0] = (-0.000673609,2.80615e-08)
isr[2] = 3512
isr[0] = 92
gamrr[2][0] = (-0.00125744,2.80214e-08)
isr[3] = 3511
isr[0] = 92
gamrr[3][0] = (-0.00067338,-3.03992e-08)
isr[0] = 92
isr[1] = 91
gamrr[0][1] = (-0.000673609,2.80615e-08)
isr[1] = 91
isr[1] = 91
gamrr[1][1] = (0.00212305,-5.77158e-09)
isr[2] = 3512
isr[1] = 91
gamrr[2][1] = (0.00146093,-5.80045e-09)
isr[3] = 3511
isr[1] = 91
gamrr[3][1] = (-0.00125744,2.80214e-08)
isr[0] = 92
isr[2] = 3512
gamrr[0][2] = (-0.00125744,2.80214e-08)
isr[1] = 91
isr[2] = 3512
gamrr[1][2] = (0.00146093,-5.80045e-09)
isr[2] = 3512
isr[2] = 3512
gamrr[2][2] = (0.00212305,-5.77158e-09)
isr[3] = 3511
isr[2] = 3512
gamrr[3][2] = (-0.000673609,2.80615e-08)
isr[0] = 92
isr[3] = 3511
gamrr[0][3] = (-0.00067338,-3.03992e-08)
isr[1] = 91
isr[3] = 3511
gamrr[1][3] = (-0.00125744,2.80214e-08)
isr[2] = 3512
isr[3] = 3511
gamrr[2][3] = (-0.000673609,2.80615e-08)
isr[3] = 3511
isr[3] = 3511
gamrr[3][3] = (0.00212281,-3.01085e-08)
-0.19895 	1.08661e-04	 (1.15345e-11, 6.16298e-33)	-9.86350e-12	2
isl[0] = 1
isl[0] = 1
gaml[0][0] = (0.00212073,3.00884e-08)
isl[0] = 1
isl[1] = 2
gaml[0][1] = (-0.000672785,-2.80492e-08)
isl[0] = 1
isl[2] = 3421
gaml[0][2] = (-0.00125621,-2.80091e-08)
isl[0] = 1
isl[3] = 3422
gaml[0][3] = (-0.000672555,3.03787e-08)
isl[1] = 2
isl[0] = 1
gaml[1][0] = (-0.000672785,-2.80492e-08)
isl[1] = 2
isl[1] = 2
gaml[1][1] = (0.00212097,5.79532e-09)
isl[1] = 2
isl[2] = 3421
gaml[1][2] = (0.00145914,5.82416e-09)
isl[1] = 2
isl[3] = 3422
gaml[1][3] = (-0.00125621,-2.80091e-08)
isl[2] = 3421
isl[0] = 1
gaml[2][0] = (-0.00125621,-2.80091e-08)
isl[2] = 3421
isl[1] = 2
gaml[2][1] = (0.00145914,5.82416e-09)
isl[2] = 3421
isl[2] = 3421
gaml[2][2] = (0.00212097,5.79532e-09)
isl[2] = 3421
isl[3] = 3422
gaml[2][3] = (-0.000672785,-2.80492e-08)
isl[3] = 3422
isl[0] = 1
gaml[3][0] = (-0.000672555,3.03787e-08)
isl[3] = 3422
isl[1] = 2
gaml[3][1] = (-0.00125621,-2.80091e-08)
isl[3] = 3422
isl[2] = 3421
gaml[3][2] = (-0.000672785,-2.80492e-08)
isl[3] = 3422
isl[3] = 3422
gaml[3][3] = (0.00212073,3.00884e-08)
isr[0] = 92
isr[0] = 92
gamrr[0][0] = (0.00212073,-3.00884e-08)
isr[1] = 91
isr[0] = 92
gamrr[1][0] = (-0.000672785,2.80492e-08)
isr[2] = 3512
isr[0] = 92
gamrr[2][0] = (-0.00125621,2.80091e-08)
isr[3] = 3511
isr[0] = 92
gamrr[3][0] = (-0.000672555,-3.03787e-08)
isr[0] = 92
isr[1] = 91
gamrr[0][1] = (-0.000672785,2.80492e-08)
isr[1] = 91
isr[1] = 91
gamrr[1][1] = (0.00212097,-5.79532e-09)
isr[2] = 3512
isr[1] = 91
gamrr[2][1] = (0.00145914,-5.82416e-09)
isr[3] = 3511
isr[1] = 91
gamrr[3][1] = (-0.00125621,2.80091e-08)
isr[0] = 92
isr[2] = 3512
gamrr[0][2] = (-0.00125621,2.80091e-08)
isr[1] = 91
isr[2] = 3512
gamrr[1][2] = (0.00145914,-5.82416e-09)
isr[2] = 3512
isr[2] = 3512
gamrr[2][2] = (0.00212097,-5.79532e-09)
isr[3] = 3511
isr[2] = 3512
gamrr[3][2] = (-0.000672785,2.80492e-08)
isr[0] = 92
isr[3] = 3511
gamrr[0][3] = (-0.000672555,-3.03787e-08)
isr[1] = 91
isr[3] = 3511
gamrr[1][3] = (-0.00125621,2.80091e-08)
isr[2] = 3512
isr[3] = 3511
gamrr[2][3] = (-0.000672785,2.80492e-08)
isr[3] = 3511
isr[3] = 3511
gamrr[3][3] = (0.00212073,-3.00884e-08)
-0.19890 	1.08593e-04	 (1.15103e-11, 0.00000e+00)	-9.85917e-12	3
isl[0] = 1
isl[0] = 1
gaml[0][0] = (0.00211865,3.00684e-08)
isl[0] = 1
isl[1] = 2
gaml[0][1] = (-0.000671962,-2.80369e-08)
isl[0] = 1
isl[2] = 3421
gaml[0][2] = (-0.00125499,-2.79968e-08)
isl[0] = 1
isl[3] = 3422
gaml[0][3] = (-0.000671732,3.03582e-08)
isl[1] = 2
isl[0] = 1
gaml[1][0] = (-0.000671962,-2.80369e-08)
isl[1] = 2
isl[1] = 2
gaml[1][1] = (0.0021189,5.81899e-09)
isl[1] = 2
isl[2] = 3421
gaml[1][2] = (0.00145735,5.8478e-09)
isl[1] = 2
isl[3] = 3422
gaml[1][3] = (-0.00125499,-2.79968e-08)
isl[2] = 3421
isl[0] = 1
gaml[2][0] = (-0.00125499,-2.79968e-08)
isl[2] = 3421
isl[1] = 2
gaml[2][1] = (0.00145735,5.8478e-09)
isl[2] = 3421
isl[2] = 3421
gaml[2][2] = (0.0021189,5.81899e-09)
isl[2] = 3421
isl[3] = 3422
gaml[2][3] = (-0.000671962,-2.80369e-08)
isl[3] = 3422
isl[0] = 1
gaml[3][0] = (-0.000671732,3.03582e-08)
isl[3] = 3422
isl[1] = 2
gaml[3][1] = (-0.00125499,-2.79968e-08)
isl[3] = 3422
isl[2] = 3421
gaml[3][2] = (-0.000671962,-2.80369e-08)
isl[3] = 3422
isl[3] = 3422
gaml[3][3] = (0.00211865,3.00684e-08)
isr[0] = 92
isr[0] = 92
gamrr[0][0] = (0.00211865,-3.00684e-08)
isr[1] = 91
isr[0] = 92
gamrr[1][0] = (-0.000671962,2.80369e-08)
isr[2] = 3512
isr[0] = 92
gamrr[2][0] = (-0.00125499,2.79968e-08)
isr[3] = 3511
isr[0] = 92
gamrr[3][0] = (-0.000671732,-3.03582e-08)
isr[0] = 92
isr[1] = 91
gamrr[0][1] = (-0.000671962,2.80369e-08)
isr[1] = 91
isr[1] = 91
gamrr[1][1] = (0.0021189,-5.81899e-09)
isr[2] = 3512
isr[1] = 91
gamrr[2][1] = (0.00145735,-5.8478e-09)
isr[3] = 3511
isr[1] = 91
gamrr[3][1] = (-0.00125499,2.79968e-08)
isr[0] = 92
isr[2] = 3512
gamrr[0][2] = (-0.00125499,2.79968e-08)
isr[1] = 91
isr[2] = 3512
gamrr[1][2] = (0.00145735,-5.8478e-09)
isr[2] = 3512
isr[2] = 3512
gamrr[2][2] = (0.0021189,-5.81899e-09)
isr[3] = 3511
isr[2] = 3512
gamrr[3][2] = (-0.000671962,2.80369e-08)
isr[0] = 92
isr[3] = 3511
gamrr[0][3] = (-0.000671732,-3.03582e-08)
isr[1] = 91
isr[3] = 3511
gamrr[1][3] = (-0.00125499,2.79968e-08)
isr[2] = 3512
isr[3] = 3511
gamrr[2][3] = (-0.000671962,2.80369e-08)
isr[3] = 3511
isr[3] = 3511
gamrr[3][3] = (0.00211865,-3.00684e-08)
-0.19885 	1.08525e-04	 (1.14863e-11, -6.16298e-33)	-9.85485e-12	2
isl[0] = 1
isl[0] = 1
gaml[0][0] = (0.00211658,3.00484e-08)
isl[0] = 1
isl[1] = 2
gaml[0][1] = (-0.00067114,-2.80245e-08)
isl[0] = 1
isl[2] = 3421
gaml[0][2] = (-0.00125377,-2.79846e-08)
isl[0] = 1
isl[3] = 3422
gaml[0][3] = (-0.00067091,3.03377e-08)
isl[1] = 2
isl[0] = 1
gaml[1][0] = (-0.00067114,-2.80245e-08)
isl[1] = 2
isl[1] = 2
gaml[1][1] = (0.00211682,5.84258e-09)
isl[1] = 2
isl[2] = 3421
gaml[1][2] = (0.00145556,5.87137e-09)
isl[1] = 2
isl[3] = 3422
gaml[1][3] = (-0.00125377,-2.79846e-08)
isl[2] = 3421
isl[0] = 1
gaml[2][0] = (-0.00125377,-2.79846e-08)
isl[2] = 3421
isl[1] = 2
gaml[2][1] = (0.00145556,5.87137e-09)
isl[2] = 3421
isl[2] = 3421
gaml[2][2] = (0.00211682,5.84258e-09)
isl[2] = 3421
isl[3] = 3422
gaml[2][3] = (-0.00067114,-2.80245e-08)
isl[3] = 3422
isl[0] = 1
gaml[3][0] = (-0.00067091,3.03377e-08)
isl[3] = 3422
isl[1] = 2
gaml[3][1] = (-0.00125377,-2.79846e-08)
isl[3] = 3422
isl[2] = 3421
gaml[3][2] = (-0.00067114,-2.80245e-08)
isl[3] = 3422
isl[3] = 3422
gaml[3][3] = (0.00211658,3.00484e-08)
isr[0] = 92
isr[0] = 92
gamrr[0][0] = (0.00211658,-3.00484e-08)
isr[1] = 91
isr[0] = 92
gamrr[1][0] = (-0.00067114,2.80245e-08)
isr[2] = 3512
isr[0] = 92
gamrr[2][0] = (-0.00125377,2.79846e-08)
isr[3] = 3511
isr[0] = 92
gamrr[3][0] = (-0.00067091,-3.03377e-08)
isr[0] = 92
isr[1] = 91
gamrr[0][1] = (-0.00067114,2.80245e-08)
isr[1] = 91
isr[1] = 91
gamrr[1][1] = (0.00211682,-5.84258e-09)
isr[2] = 3512
isr[1] = 91
gamrr[2][1] = (0.00145556,-5.87137e-09)
isr[3] = 3511
isr[1] = 91
gamrr[3][1] = (-0.00125377,2.79846e-08)
isr[0] = 92
isr[2] = 3512
gamrr[0][2] = (-0.00125377,2.79846e-08)
isr[1] = 91
isr[2] = 3512
gamrr[1][2] = (0.00145556,-5.87137e-09)
isr[2] = 3512
isr[2] = 3512
gamrr[2][2] = (0.00211682,-5.84258e-09)
isr[3] = 3511
isr[2] = 3512
gamrr[3][2] = (-0.00067114,2.80245e-08)
isr[0] = 92
isr[3] = 3511
gamrr[0][3] = (-0.00067091,-3.03377e-08)
isr[1] = 91
isr[3] = 3511
gamrr[1][3] = (-0.00125377,2.79846e-08)
isr[2] = 3512
isr[3] = 3511
gamrr[2][3] = (-0.00067114,2.80245e-08)
isr[3] = 3511
isr[3] = 3511
gamrr[3][3] = (0.00211658,-3.00484e-08)
-0.19880 	1.08457e-04	 (1.14623e-11, -9.24446e-33)	-9.85055e-12	2
isl[0] = 1
isl[0] = 1
gaml[0][0] = (0.00211451,3.00284e-08)
isl[0] = 1
isl[1] = 2
gaml[0][1] = (-0.000670319,-2.80122e-08)
isl[0] = 1
isl[2] = 3421
gaml[0][2] = (-0.00125255,-2.79723e-08)
isl[0] = 1
isl[3] = 3422
gaml[0][3] = (-0.000670089,3.03173e-08)
isl[1] = 2
isl[0] = 1
gaml[1][0] = (-0.000670319,-2.80122e-08)
isl[1] = 2
isl[1] = 2
gaml[1][1] = (0.00211475,5.8661e-09)
isl[1] = 2
isl[2] = 3421
gaml[1][2] = (0.00145378,5.89486e-09)
isl[1] = 2
isl[3] = 3422
gaml[1][3] = (-0.00125255,-2.79723e-08)
isl[2] = 3421
isl[0] = 1
gaml[2][0] = (-0.00125255,-2.79723e-08)
isl[2] = 3421
isl[1] = 2
gaml[2][1] = (0.00145378,5.89486e-09)
isl[2] = 3421
isl[2] = 3421
gaml[2][2] = (0.00211475,5.8661e-09)
isl[2] = 3421
isl[3] = 3422
gaml[2][3] = (-0.000670319,-2.80122e-08)
isl[3] = 3422
isl[0] = 1
gaml[3][0] = (-0.000670089,3.03173e-08)
isl[3] = 3422
isl[1] = 2
gaml[3][1] = (-0.00125255,-2.79723e-08)
isl[3] = 3422
isl[2] = 3421
gaml[3][2] = (-0.000670319,-2.80122e-08)
isl[3] = 3422
isl[3] = 3422
gaml[3][3] = (0.00211451,3.00284e-08)
isr[0] = 92
isr[0] = 92
gamrr[0][0] = (0.00211451,-3.00284e-08)
isr[1] = 91
isr[0] = 92
gamrr[1][0] = (-0.000670319,2.80122e-08)
isr[2] = 3512
isr[0] = 92
gamrr[2][0] = (-0.00125255,2.79723e-08)
isr[3] = 3511
isr[0] = 92
gamrr[3][0] = (-0.000670089,-3.03173e-08)
isr[0] = 92
isr[1] = 91
gamrr[0][1] = (-0.000670319,2.80122e-08)
isr[1] = 91
isr[1] = 91
gamrr[1][1] = (0.00211475,-5.8661e-09)
isr[2] = 3512
isr[1] = 91
gamrr[2][1] = (0.00145378,-5.89486e-09)
isr[3] = 3511
isr[1] = 91
gamrr[3][1] = (-0.00125255,2.79723e-08)
isr[0] = 92
isr[2] = 3512
gamrr[0][2] = (-0.00125255,2.79723e-08)
isr[1] = 91
isr[2] = 3512
gamrr[1][2] = (0.00145378,-5.89486e-09)
isr[2] = 3512
isr[2] = 3512
gamrr[2][2] = (0.00211475,-5.8661e-09)
isr[3] = 3511
isr[2] = 3512
gamrr[3][2] = (-0.000670319,2.80122e-08)
isr[0] = 92
isr[3] = 3511
gamrr[0][3] = (-0.000670089,-3.03173e-08)
isr[1] = 91
isr[3] = 3511
gamrr[1][3] = (-0.00125255,2.79723e-08)
isr[2] = 3512
isr[3] = 3511
gamrr[2][3] = (-0.000670319,2.80122e-08)
isr[3] = 3511
isr[3] = 3511
gamrr[3][3] = (0.00211451,-3.00284e-08)
-0.19875 	1.08390e-04	 (1.14383e-11, -9.24446e-33)	-9.84626e-12	2
isl[0] = 1
isl[0] = 1
gaml[0][0] = (0.00211244,3.00084e-08)
isl[0] = 1
isl[1] = 2
gaml[0][1] = (-0.0006695,-2.79999e-08)
isl[0] = 1
isl[2] = 3421
gaml[0][2] = (-0.00125133,-2.796e-08)
isl[0] = 1
isl[3] = 3422
gaml[0][3] = (-0.00066927,3.02968e-08)
isl[1] = 2
isl[0] = 1
gaml[1][0] = (-0.0006695,-2.79999e-08)
isl[1] = 2
isl[1] = 2
gaml[1][1] = (0.00211268,5.88955e-09)
isl[1] = 2
isl[2] = 3421
gaml[1][2] = (0.001452,5.91828e-09)
isl[1] = 2
isl[3] = 3422
gaml[1][3] = (-0.00125133,-2.796e-08)
isl[2] = 3421
isl[0] = 1
gaml[2][0] = (-0.00125133,-2.796e-08)
isl[2] = 3421
isl[1] = 2
gaml[2][1] = (0.001452,5.91828e-09)
isl[2] = 3421
isl[2] = 3421
gaml[2][2] = (0.00211268,5.88955e-09)
isl[2] = 3421
isl[3] = 3422
gaml[2][3] = (-0.0006695,-2.79999e-08)
isl[3] = 3422
isl[0] = 1
gaml[3][0] = (-0.00066927,3.02968e-08)
isl[3] = 3422
isl[1] = 2
gaml[3][1] = (-0.00125133,-2.796e-08)
isl[3] = 3422
isl[2] = 3421
gaml[3][2] = (-0.0006695,-2.79999e-08)
isl[3] = 3422
isl[3] = 3422
gaml[3][3] = (0.00211244,3.00084e-08)
isr[0] = 92
isr[0] = 92
gamrr[0][0] = (0.00211244,-3.00084e-08)
isr[1] = 91
isr[0] = 92
gamrr[1][0] = (-0.0006695,2.79999e-08)
isr[2] = 3512
isr[0] = 92
gamrr[2][0] = (-0.00125133,2.796e-08)
isr[3] = 3511
isr[0] = 92
gamrr[3][0] = (-0.00066927,-3.02968e-08)
isr[0] = 92
isr[1] = 91
gamrr[0][1] = (-0.0006695,2.79999e-08)
isr[1] = 91
isr[1] = 91
gamrr[1][1] = (0.00211268,-5.88955e-09)
isr[2] = 3512
isr[1] = 91
gamrr[2][1] = (0.001452,-5.91828e-09)
isr[3] = 3511
isr[1] = 91
gamrr[3][1] = (-0.00125133,2.796e-08)
isr[0] = 92
isr[2] = 3512
gamrr[0][2] = (-0.00125133,2.796e-08)
isr[1] = 91
isr[2] = 3512
gamrr[1][2] = (0.001452,-5.91828e-09)
isr[2] = 3512
isr[2] = 3512
gamrr[2][2] = (0.00211268,-5.88955e-09)
isr[3] = 3511
isr[2] = 3512
gamrr[3][2] = (-0.0006695,2.79999e-08)
isr[0] = 92
isr[3] = 3511
gamrr[0][3] = (-0.00066927,-3.02968e-08)
isr[1] = 91
isr[3] = 3511
gamrr[1][3] = (-0.00125133,2.796e-08)
isr[2] = 3512
isr[3] = 3511
gamrr[2][3] = (-0.0006695,2.79999e-08)
isr[3] = 3511
isr[3] = 3511
gamrr[3][3] = (0.00211244,-3.00084e-08)
-0.19870 	1.08322e-04	 (1.14145e-11, -3.08149e-33)	-9.84198e-12	2
isl[0] = 1
isl[0] = 1
gaml[0][0] = (0.00211037,2.99884e-08)
isl[0] = 1
isl[1] = 2
gaml[0][1] = (-0.000668682,-2.79875e-08)
isl[0] = 1
isl[2] = 3421
gaml[0][2] = (-0.00125011,-2.79477e-08)
isl[0] = 1
isl[3] = 3422
gaml[0][3] = (-0.000668452,3.02764e-08)
isl[1] = 2
isl[0] = 1
gaml[1][0] = (-0.000668682,-2.79875e-08)
isl[1] = 2
isl[1] = 2
gaml[1][1] = (0.00211062,5.91293e-09)
isl[1] = 2
isl[2] = 3421
gaml[1][2] = (0.00145022,5.94163e-09)
isl[1] = 2
isl[3] = 3422
gaml[1][3] = (-0.00125011,-2.79477e-08)
isl[2] = 3421
isl[0] = 1
gaml[2][0] = (-0.00125011,-2.79477e-08)
isl[2] = 3421
isl[1] = 2
gaml[2][1] = (0.00145022,5.94163e-09)
isl[2] = 3421
isl[2] = 3421
gaml[2][2] = (0.00211062,5.91293e-09)
isl[2] = 3421
isl[3] = 3422
gaml[2][3] = (-0.000668682,-2.79875e-08)
isl[3] = 3422
isl[0] = 1
gaml[3][0] = (-0.000668452,3.02764e-08)
isl[3] = 3422
isl[1] = 2
gaml[3][1] = (-0.00125011,-2.79477e-08)
isl[3] = 3422
isl[2] = 3421
gaml[3][2] = (-0.000668682,-2.79875e-08)
isl[3] = 3422
isl[3] = 3422
gaml[3][3] = (0.00211037,2.99884e-08)
isr[0] = 92
isr[0] = 92
gamrr[0][0] = (0.00211037,-2.99884e-08)
isr[1] = 91
isr[0] = 92
gamrr[1][0] = (-0.000668682,2.79875e-08)
isr[2] = 3512
isr[0] = 92
gamrr[2][0] = (-0.00125011,2.79477e-08)
isr[3] = 3511
isr[0] = 92
gamrr[3][0] = (-0.000668452,-3.02764e-08)
isr[0] = 92
isr[1] = 91
gamrr[0][1] = (-0.000668682,2.79875e-08)
isr[1] = 91
isr[1] = 91
gamrr[1][1] = (0.00211062,-5.91293e-09)
isr[2] = 3512
isr[1] = 91
gamrr[2][1] = (0.00145022,-5.94163e-09)
isr[3] = 3511
isr[1] = 91
gamrr[3][1] = (-0.00125011,2.79477e-08)
isr[0] = 92
isr[2] = 3512
gamrr[0][2] = (-0.00125011,2.79477e-08)
isr[1] = 91
isr[2] = 3512
gamrr[1][2] = (0.00145022,-5.94163e-09)
isr[2] = 3512
isr[2] = 3512
gamrr[2][2] = (0.00211062,-5.91293e-09)
isr[3] = 3511
isr[2] = 3512
gamrr[3][2] = (-0.000668682,2.79875e-08)
isr[0] = 92
isr[3] = 3511
gamrr[0][3] = (-0.000668452,-3.02764e-08)
isr[1] = 91
isr[3] = 3511
gamrr[1][3] = (-0.00125011,2.79477e-08)
isr[2] = 3512
isr[3] = 3511
gamrr[2][3] = (-0.000668682,2.79875e-08)
isr[3] = 3511
isr[3] = 3511
gamrr[3][3] = (0.00211037,-2.99884e-08)
-0.19865 	1.08254e-04	 (1.13907e-11, -1.23260e-32)	-9.83771e-12	3
isl[0] = 1
isl[0] = 1
gaml[0][0] = (0.00210831,2.99685e-08)
isl[0] = 1
isl[1] = 2
gaml[0][1] = (-0.000667865,-2.79752e-08)
isl[0] = 1
isl[2] = 3421
gaml[0][2] = (-0.0012489,-2.79355e-08)
isl[0] = 1
isl[3] = 3422
gaml[0][3] = (-0.000667635,3.02561e-08)
isl[1] = 2
isl[0] = 1
gaml[1][0] = (-0.000667865,-2.79752e-08)
isl[1] = 2
isl[1] = 2
gaml[1][1] = (0.00210856,5.93624e-09)
isl[1] = 2
isl[2] = 3421
gaml[1][2] = (0.00144845,5.96491e-09)
isl[1] = 2
isl[3] = 3422
gaml[1][3] = (-0.0012489,-2.79355e-08)
isl[2] = 3421
isl[0] = 1
gaml[2][0] = (-0.0012489,-2.79355e-08)
isl[2] = 3421
isl[1] = 2
gaml[2][1] = (0.00144845,5.96491e-09)
isl[2] = 3421
isl[2] = 3421
gaml[2][2] = (0.00210856,5.93624e-09)
isl[2] = 3421
isl[3] = 3422
gaml[2][3] = (-0.000667865,-2.79752e-08)
isl[3] = 3422
isl[0] = 1
gaml[3][0] = (-0.000667635,3.02561e-08)
isl[3] = 3422
isl[1] = 2
gaml[3][1] = (-0.0012489,-2.79355e-08)
isl[3] = 3422
isl[2] = 3421
gaml[3][2] = (-0.000667865,-2.79752e-08)
isl[3] = 3422
isl[3] = 3422
gaml[3][3] = (0.00210831,2.99685e-08)
isr[0] = 92
isr[0] = 92
gamrr[0][0] = (0.00210831,-2.99685e-08)
isr[1] = 91
isr[0] = 92
gamrr[1][0] = (-0.000667865,2.79752e-08)
isr[2] = 3512
isr[0] = 92
gamrr[2][0] = (-0.0012489,2.79355e-08)
isr[3] = 3511
isr[0] = 92
gamrr[3][0] = (-0.000667635,-3.02561e-08)
isr[0] = 92
isr[1] = 91
gamrr[0][1] = (-0.000667865,2.79752e-08)
isr[1] = 91
isr[1] = 91
gamrr[1][1] = (0.00210856,-5.93624e-09)
isr[2] = 3512
isr[1] = 91
gamrr[2][1] = (0.00144845,-5.96491e-09)
isr[3] = 3511
isr[1] = 91
gamrr[3][1] = (-0.0012489,2.79355e-08)
isr[0] = 92
isr[2] = 3512
gamrr[0][2] = (-0.0012489,2.79355e-08)
isr[1] = 91
isr[2] = 3512
gamrr[1][2] = (0.00144845,-5.96491e-09)
isr[2] = 3512
isr[2] = 3512
gamrr[2][2] = (0.00210856,-5.93624e-09)
isr[3] = 3511
isr[2] = 3512
gamrr[3][2] = (-0.000667865,2.79752e-08)
isr[0] = 92
isr[3] = 3511
gamrr[0][3] = (-0.000667635,-3.02561e-08)
isr[1] = 91
isr[3] = 3511
gamrr[1][3] = (-0.0012489,2.79355e-08)
isr[2] = 3512
isr[3] = 3511
gamrr[2][3] = (-0.000667865,2.79752e-08)
isr[3] = 3511
isr[3] = 3511
gamrr[3][3] = (0.00210831,-2.99685e-08)
-0.19860 	1.08187e-04	 (1.13669e-11, 1.54074e-32)	-9.83345e-12	2
isl[0] = 1
isl[0] = 1
gaml[0][0] = (0.00210626,2.99486e-08)
isl[0] = 1
isl[1] = 2
gaml[0][1] = (-0.00066705,-2.79629e-08)
isl[0] = 1
isl[2] = 3421
gaml[0][2] = (-0.00124769,-2.79232e-08)
isl[0] = 1
isl[3] = 3422
gaml[0][3] = (-0.00066682,3.02357e-08)
isl[1] = 2
isl[0] = 1
gaml[1][0] = (-0.00066705,-2.79629e-08)
isl[1] = 2
isl[1] = 2
gaml[1][1] = (0.0021065,5.95947e-09)
isl[1] = 2
isl[2] = 3421
gaml[1][2] = (0.00144668,5.98812e-09)
isl[1] = 2
isl[3] = 3422
gaml[1][3] = (-0.00124769,-2.79232e-08)
isl[2] = 3421
isl[0] = 1
gaml[2][0] = (-0.00124769,-2.79232e-08)
isl[2] = 3421
isl[1] = 2
gaml[2][1] = (0.00144668,5.98812e-09)
isl[2] = 3421
isl[2] = 3421
gaml[2][2] = (0.0021065,5.95947e-09)
isl[2] = 3421
isl[3] = 3422
gaml[2][3] = (-0.00066705,-2.79629e-08)
isl[3] = 3422
isl[0] = 1
gaml[3][0] = (-0.00066682,3.02357e-08)
isl[3] = 3422
isl[1] = 2
gaml[3][1] = (-0.00124769,-2.79232e-08)
isl[3] = 3422
isl[2] = 3421
gaml[3][2] = (-0.00066705,-2.79629e-08)
isl[3] = 3422
isl[3] = 3422
gaml[3][3] = (0.00210626,2.99486e-08)
isr[0] = 92
isr[0] = 92
gamrr[0][0] = (0.00210626,-2.99486e-08)
isr[1] = 91
isr[0] = 92
gamrr[1][0] = (-0.00066705,2.79629e-08)
isr[2] = 3512
isr[0] = 92
gamrr[2][0] = (-0.00124769,2.79232e-08)
isr[3] = 3511
isr[0] = 92
gamrr[3][0] = (-0.00066682,-3.02357e-08)
isr[0] = 92
isr[1] = 91
gamrr[0][1] = (-0.00066705,2.79629e-08)
isr[1] = 91
isr[1] = 91
gamrr[1][1] = (0.0021065,-5.95947e-09)
isr[2] = 3512
isr[1] = 91
gamrr[2][1] = (0.00144668,-5.98812e-09)
isr[3] = 3511
isr[1] = 91
gamrr[3][1] = (-0.00124769,2.79232e-08)
isr[0] = 92
isr[2] = 3512
gamrr[0][2] = (-0.00124769,2.79232e-08)
isr[1] = 91
isr[2] = 3512
gamrr[1][2] = (0.00144668,-5.98812e-09)
isr[2] = 3512
isr[2] = 3512
gamrr[2][2] = (0.0021065,-5.95947e-09)
isr[3] = 3511
isr[2] = 3512
gamrr[3][2] = (-0.00066705,2.79629e-08)
isr[0] = 92
isr[3] = 3511
gamrr[0][3] = (-0.00066682,-3.02357e-08)
isr[1] = 91
isr[3] = 3511
gamrr[1][3] = (-0.00124769,2.79232e-08)
isr[2] = 3512
isr[3] = 3511
gamrr[2][3] = (-0.00066705,2.79629e-08)
isr[3] = 3511
isr[3] = 3511
gamrr[3][3] = (0.00210626,-2.99486e-08)
-0.19855 	1.08120e-04	 (1.13432e-11, -3.08149e-33)	-9.82921e-12	2
